2021-10-11 09:44:45,352 MDT INFO   log.monitoring 1155 [localhost-startStop-1] **** Server Started (logVersion=1.4) ****
2021-10-11 09:44:45,354 MDT INFO   log.monitoring 1155 [localhost-startStop-1] ,max mem (MB),total mem (MB),free mem (MB),strings pool,integers pool,other objects pool
2021-10-11 09:44:45,358 MDT INFO   log.monitoring 1155 [ebx-memorySupervisor] ,4096,183,70,0,0,
2021-10-11 09:44:55,359 MDT INFO   log.monitoring 1155 [ebx-memorySupervisor] ,4096,220,149,0,0,
2021-10-11 09:45:05,362 MDT INFO   log.monitoring 1155 [ebx-memorySupervisor] ,4096,220,37,20,0,
2021-10-11 09:45:15,363 MDT INFO   log.monitoring 1155 [ebx-memorySupervisor] ,4096,458,157,71,0,
2021-10-11 09:45:25,381 MDT INFO   log.monitoring 1155 [ebx-memorySupervisor] ,4096,458,239,76,0,
2021-10-11 09:45:35,383 MDT INFO   log.monitoring 1155 [ebx-memorySupervisor] ,4096,458,121,124,0,
2021-10-11 09:45:45,387 MDT INFO   log.monitoring 1155 [ebx-memorySupervisor] ,4096,458,120,124,0,
2021-10-11 09:45:55,389 MDT INFO   log.monitoring 1155 [ebx-memorySupervisor] ,4096,458,144,109,0,
2021-10-11 09:46:05,389 MDT INFO   log.monitoring 1155 [ebx-memorySupervisor] ,4096,458,66,115,0,
2021-10-11 09:46:15,394 MDT INFO   log.monitoring 1155 [ebx-memorySupervisor] ,4096,458,206,108,0,
2021-10-11 09:46:25,399 MDT INFO   log.monitoring 1155 [ebx-memorySupervisor] ,4096,458,207,99,0,
2021-10-11 09:46:35,404 MDT INFO   log.monitoring 1155 [ebx-memorySupervisor] ,4096,458,182,94,0,
2021-10-11 09:46:45,407 MDT INFO   log.monitoring 1155 [ebx-memorySupervisor] ,4096,458,108,105,0,
2021-10-11 09:46:55,412 MDT INFO   log.monitoring 1155 [ebx-memorySupervisor] ,4096,458,110,122,0,
2021-10-11 09:47:05,417 MDT INFO   log.monitoring 1155 [ebx-memorySupervisor] ,4096,550,186,156,0,
2021-10-11 09:47:15,421 MDT INFO   log.monitoring 1155 [ebx-memorySupervisor] ,4096,550,123,139,0,
2021-10-11 09:47:25,426 MDT INFO   log.monitoring 1155 [ebx-memorySupervisor] ,4096,550,88,111,0,
2021-10-11 09:47:35,429 MDT INFO   log.monitoring 1155 [ebx-memorySupervisor] ,4096,550,149,143,0,
2021-10-11 09:47:45,433 MDT INFO   log.monitoring 1155 [ebx-memorySupervisor] ,4096,550,95,122,0,
2021-10-11 09:47:55,437 MDT INFO   log.monitoring 1155 [ebx-memorySupervisor] ,4096,550,148,115,0,
2021-10-11 09:48:05,442 MDT INFO   log.monitoring 1155 [ebx-memorySupervisor] ,4096,550,109,122,0,
2021-10-11 09:48:15,445 MDT INFO   log.monitoring 1155 [ebx-memorySupervisor] ,4096,663,125,156,0,
2021-10-11 09:48:25,450 MDT INFO   log.monitoring 1155 [ebx-memorySupervisor] ,4096,663,127,122,0,
2021-10-11 09:48:35,452 MDT INFO   log.monitoring 1155 [ebx-memorySupervisor] ,4096,663,192,125,0,
2021-10-11 09:48:45,453 MDT INFO   log.monitoring 1155 [ebx-memorySupervisor] ,4096,663,159,152,0,
2021-10-11 09:48:55,454 MDT INFO   log.monitoring 1155 [ebx-memorySupervisor] ,4096,663,144,142,0,
2021-10-11 09:49:05,459 MDT INFO   log.monitoring 1155 [ebx-memorySupervisor] ,4096,663,77,130,0,
2021-10-11 09:49:15,463 MDT INFO   log.monitoring 1155 [ebx-memorySupervisor] ,4096,663,179,129,0,
2021-10-11 09:49:25,467 MDT INFO   log.monitoring 1155 [ebx-memorySupervisor] ,4096,663,141,131,0,
2021-10-11 09:49:35,472 MDT INFO   log.monitoring 1155 [ebx-memorySupervisor] ,4096,663,118,131,0,
2021-10-11 09:49:45,475 MDT INFO   log.monitoring 1155 [ebx-memorySupervisor] ,4096,663,152,132,0,
2021-10-11 09:49:55,476 MDT INFO   log.monitoring 1155 [ebx-memorySupervisor] ,4096,796,227,133,0,
2021-10-11 09:50:05,478 MDT INFO   log.monitoring 1155 [ebx-memorySupervisor] ,4096,796,162,167,0,
2021-10-11 09:50:15,482 MDT INFO   log.monitoring 1155 [ebx-memorySupervisor] ,4096,796,132,136,0,
2021-10-11 09:50:25,486 MDT INFO   log.monitoring 1155 [ebx-memorySupervisor] ,4096,796,181,140,0,
2021-10-11 09:50:35,490 MDT INFO   log.monitoring 1155 [ebx-memorySupervisor] ,4096,796,131,151,0,
2021-10-11 09:50:45,494 MDT INFO   log.monitoring 1155 [ebx-memorySupervisor] ,4096,796,127,152,0,
2021-10-11 09:50:55,507 MDT INFO   log.monitoring 1155 [ebx-memorySupervisor] ,4096,796,121,152,0,
2021-10-11 09:51:05,508 MDT INFO   log.monitoring 1155 [ebx-memorySupervisor] ,4096,796,94,155,0,
2021-10-11 09:51:15,512 MDT INFO   log.monitoring 1155 [ebx-memorySupervisor] ,4096,796,85,166,0,
2021-10-11 09:51:25,517 MDT INFO   log.monitoring 1155 [ebx-memorySupervisor] ,4096,1120,225,192,0,
2021-10-11 09:51:35,522 MDT INFO   log.monitoring 1155 [ebx-memorySupervisor] ,4096,1120,223,159,0,
2021-10-11 09:51:45,526 MDT INFO   log.monitoring 1155 [ebx-memorySupervisor] ,4096,1120,277,160,0,
2021-10-11 09:51:55,527 MDT INFO   log.monitoring 1155 [ebx-memorySupervisor] ,4096,1120,221,194,0,
2021-10-11 09:52:05,528 MDT INFO   log.monitoring 1155 [ebx-memorySupervisor] ,4096,1120,246,178,0,
2021-10-11 09:52:15,532 MDT INFO   log.monitoring 1155 [ebx-memorySupervisor] ,4096,1120,377,162,0,
2021-10-11 09:52:25,537 MDT INFO   log.monitoring 1155 [ebx-memorySupervisor] ,4096,1120,221,194,0,
2021-10-11 09:52:35,540 MDT INFO   log.monitoring 1155 [ebx-memorySupervisor] ,4096,1120,239,165,0,
2021-10-11 09:52:45,545 MDT INFO   log.monitoring 1155 [ebx-memorySupervisor] ,4096,1120,175,208,0,
2021-10-11 09:52:55,549 MDT INFO   log.monitoring 1155 [ebx-memorySupervisor] ,4096,1120,133,179,0,
2021-10-11 09:53:05,553 MDT INFO   log.monitoring 1155 [ebx-memorySupervisor] ,4096,1120,202,169,0,
2021-10-11 09:53:15,557 MDT INFO   log.monitoring 1155 [ebx-memorySupervisor] ,4096,1120,190,207,0,
2021-10-11 09:53:25,562 MDT INFO   log.monitoring 1155 [ebx-memorySupervisor] ,4096,1120,144,172,0,
2021-10-11 09:53:35,564 MDT INFO   log.monitoring 1155 [ebx-memorySupervisor] ,4096,1120,127,206,0,
2021-10-11 09:53:45,567 MDT INFO   log.monitoring 1155 [ebx-memorySupervisor] ,4096,1120,199,173,0,
2021-10-11 09:53:55,571 MDT INFO   log.monitoring 1155 [ebx-memorySupervisor] ,4096,1120,215,175,0,
2021-10-11 09:54:05,576 MDT INFO   log.monitoring 1155 [ebx-memorySupervisor] ,4096,1120,157,175,0,
2021-10-11 09:54:15,577 MDT INFO   log.monitoring 1155 [ebx-memorySupervisor] ,4096,1120,153,177,0,
2021-10-11 09:54:25,573 MDT INFO   log.monitoring 1155 [ebx-memorySupervisor] ,4096,1120,169,178,0,
2021-10-11 09:54:35,570 MDT INFO   log.monitoring 1155 [ebx-memorySupervisor] ,4096,1120,122,183,0,
2021-10-11 09:54:45,568 MDT INFO   log.monitoring 1155 [ebx-memorySupervisor] ,4096,1120,140,181,0,
2021-10-11 09:54:55,570 MDT INFO   log.monitoring 1155 [ebx-memorySupervisor] ,4096,1120,180,181,0,
2021-10-11 09:55:05,575 MDT INFO   log.monitoring 1155 [ebx-memorySupervisor] ,4096,1240,259,183,0,
2021-10-11 09:55:15,579 MDT INFO   log.monitoring 1155 [ebx-memorySupervisor] ,4096,1240,195,183,0,
2021-10-11 09:55:25,581 MDT INFO   log.monitoring 1155 [ebx-memorySupervisor] ,4096,1240,271,183,0,
2021-10-11 09:55:35,581 MDT INFO   log.monitoring 1155 [ebx-memorySupervisor] ,4096,1240,246,185,0,
2021-10-11 09:55:45,582 MDT INFO   log.monitoring 1155 [ebx-memorySupervisor] ,4096,1240,212,186,0,
2021-10-11 09:55:55,584 MDT INFO   log.monitoring 1155 [ebx-memorySupervisor] ,4096,1240,185,187,0,
2021-10-11 09:56:05,588 MDT INFO   log.monitoring 1155 [ebx-memorySupervisor] ,4096,1240,150,192,0,
2021-10-11 09:56:15,592 MDT INFO   log.monitoring 1155 [ebx-memorySupervisor] ,4096,1240,137,189,0,
2021-10-11 09:56:25,593 MDT INFO   log.monitoring 1155 [ebx-memorySupervisor] ,4096,1240,176,221,0,
2021-10-11 09:56:35,593 MDT INFO   log.monitoring 1155 [ebx-memorySupervisor] ,4096,1240,151,194,0,
2021-10-11 09:56:45,598 MDT INFO   log.monitoring 1155 [ebx-memorySupervisor] ,4096,1240,161,194,0,
2021-10-11 09:56:55,600 MDT INFO   log.monitoring 1155 [ebx-memorySupervisor] ,4096,1240,122,200,0,
2021-10-11 09:57:05,603 MDT INFO   log.monitoring 1155 [ebx-memorySupervisor] ,4096,1362,273,198,0,
2021-10-11 09:57:15,604 MDT INFO   log.monitoring 1155 [ebx-memorySupervisor] ,4096,1362,224,199,0,
2021-10-11 09:57:25,609 MDT INFO   log.monitoring 1155 [ebx-memorySupervisor] ,4096,1362,176,202,0,
2021-10-11 09:57:35,611 MDT INFO   log.monitoring 1155 [ebx-memorySupervisor] ,4096,1362,158,202,0,
2021-10-11 09:57:45,617 MDT INFO   log.monitoring 1155 [ebx-memorySupervisor] ,4096,1362,147,204,0,
2021-10-11 09:57:55,621 MDT INFO   log.monitoring 1155 [ebx-memorySupervisor] ,4096,1362,132,211,0,
2021-10-11 09:58:05,624 MDT INFO   log.monitoring 1155 [ebx-memorySupervisor] ,4096,1362,149,208,0,
2021-10-11 09:58:15,628 MDT INFO   log.monitoring 1155 [ebx-memorySupervisor] ,4096,1362,140,208,0,
2021-10-11 09:58:25,632 MDT INFO   log.monitoring 1155 [ebx-memorySupervisor] ,4096,1362,108,211,0,
2021-10-11 09:58:35,635 MDT INFO   log.monitoring 1155 [ebx-memorySupervisor] ,4096,1362,82,211,0,
2021-10-11 09:58:45,640 MDT INFO   log.monitoring 1155 [ebx-memorySupervisor] ,4096,1362,833,124,0,
2021-10-11 09:58:55,642 MDT INFO   log.monitoring 1155 [ebx-memorySupervisor] ,4096,1362,701,217,0,
2021-10-11 09:59:05,647 MDT INFO   log.monitoring 1155 [ebx-memorySupervisor] ,4096,1362,187,217,0,
2021-10-11 09:59:15,653 MDT INFO   log.monitoring 1155 [ebx-memorySupervisor] ,4096,1362,720,126,0,
2021-10-11 09:59:25,657 MDT INFO   log.monitoring 1155 [ebx-memorySupervisor] ,4096,1362,514,127,0,
2021-10-11 09:59:35,659 MDT INFO   log.monitoring 1155 [ebx-memorySupervisor] ,4096,1362,318,221,0,
2021-10-11 09:59:45,664 MDT INFO   log.monitoring 1155 [ebx-memorySupervisor] ,4096,1362,363,219,0,
2021-10-11 09:59:55,670 MDT INFO   log.monitoring 1155 [ebx-memorySupervisor] ,4096,1362,753,128,0,
2021-10-11 10:00:05,672 MDT INFO   log.monitoring 1155 [ebx-memorySupervisor] ,4096,1362,681,129,0,
2021-10-11 10:00:15,677 MDT INFO   log.monitoring 1155 [ebx-memorySupervisor] ,4096,1362,752,130,0,
2021-10-11 10:00:25,679 MDT INFO   log.monitoring 1155 [ebx-memorySupervisor] ,4096,1362,685,131,0,
2021-10-11 10:00:35,683 MDT INFO   log.monitoring 1155 [ebx-memorySupervisor] ,4096,1362,382,149,0,
2021-10-11 10:00:45,684 MDT INFO   log.monitoring 1155 [ebx-memorySupervisor] ,4096,1362,342,225,0,
2021-10-11 10:00:55,687 MDT INFO   log.monitoring 1155 [ebx-memorySupervisor] ,4096,1362,563,133,0,
2021-10-11 10:01:05,689 MDT INFO   log.monitoring 1155 [ebx-memorySupervisor] ,4096,1362,632,134,0,
2021-10-11 10:01:15,694 MDT INFO   log.monitoring 1155 [ebx-memorySupervisor] ,4096,1362,505,169,0,
2021-10-11 10:01:25,698 MDT INFO   log.monitoring 1155 [ebx-memorySupervisor] ,4096,1362,610,137,0,
2021-10-11 10:01:35,701 MDT INFO   log.monitoring 1155 [ebx-memorySupervisor] ,4096,1362,247,216,0,
2021-10-11 10:01:45,704 MDT INFO   log.monitoring 1155 [ebx-memorySupervisor] ,4096,1362,201,182,0,
2021-10-11 10:01:55,705 MDT INFO   log.monitoring 1155 [ebx-memorySupervisor] ,4096,1362,391,142,0,
2021-10-11 10:02:05,711 MDT INFO   log.monitoring 1155 [ebx-memorySupervisor] ,4096,1362,269,182,0,
2021-10-11 10:02:15,713 MDT INFO   log.monitoring 1155 [ebx-memorySupervisor] ,4096,1362,307,237,0,
2021-10-11 10:02:25,716 MDT INFO   log.monitoring 1155 [ebx-memorySupervisor] ,4096,1362,335,147,0,
2021-10-11 10:02:35,721 MDT INFO   log.monitoring 1155 [ebx-memorySupervisor] ,4096,1362,284,160,0,
2021-10-11 10:02:45,725 MDT INFO   log.monitoring 1155 [ebx-memorySupervisor] ,4096,1362,493,148,0,
2021-10-11 10:02:55,729 MDT INFO   log.monitoring 1155 [ebx-memorySupervisor] ,4096,1362,321,189,0,
2021-10-11 10:03:05,731 MDT INFO   log.monitoring 1155 [ebx-memorySupervisor] ,4096,1362,400,150,0,
2021-10-11 10:03:15,737 MDT INFO   log.monitoring 1155 [ebx-memorySupervisor] ,4096,1362,459,152,0,
2021-10-11 10:03:25,741 MDT INFO   log.monitoring 1155 [ebx-memorySupervisor] ,4096,1362,457,152,0,
2021-10-11 10:03:35,744 MDT INFO   log.monitoring 1155 [ebx-memorySupervisor] ,4096,1362,230,244,0,
2021-10-11 10:03:45,747 MDT INFO   log.monitoring 1155 [ebx-memorySupervisor] ,4096,1362,246,250,0,
2021-10-11 10:03:55,748 MDT INFO   log.monitoring 1155 [ebx-memorySupervisor] ,4096,1362,356,162,0,
2021-10-11 10:04:05,749 MDT INFO   log.monitoring 1155 [ebx-memorySupervisor] ,4096,1362,260,195,0,
2021-10-11 10:04:15,754 MDT INFO   log.monitoring 1155 [ebx-memorySupervisor] ,4096,1362,275,167,0,
2021-10-11 10:04:25,757 MDT INFO   log.monitoring 1155 [ebx-memorySupervisor] ,4096,1362,274,167,0,
2021-10-11 10:04:35,760 MDT INFO   log.monitoring 1155 [ebx-memorySupervisor] ,4096,1362,272,167,0,
2021-10-11 10:04:45,763 MDT INFO   log.monitoring 1155 [ebx-memorySupervisor] ,4096,1362,270,167,0,
2021-10-11 10:04:55,764 MDT INFO   log.monitoring 1155 [ebx-memorySupervisor] ,4096,1362,269,167,0,
2021-10-11 10:05:05,767 MDT INFO   log.monitoring 1155 [ebx-memorySupervisor] ,4096,1362,267,167,0,
2021-10-11 10:05:15,771 MDT INFO   log.monitoring 1155 [ebx-memorySupervisor] ,4096,1362,265,167,0,
2021-10-11 10:05:25,775 MDT INFO   log.monitoring 1155 [ebx-memorySupervisor] ,4096,1362,262,167,0,
2021-10-11 10:05:35,779 MDT INFO   log.monitoring 1155 [ebx-memorySupervisor] ,4096,1362,259,167,0,
2021-10-11 10:05:45,783 MDT INFO   log.monitoring 1155 [ebx-memorySupervisor] ,4096,1362,257,167,0,
2021-10-11 10:05:55,786 MDT INFO   log.monitoring 1155 [ebx-memorySupervisor] ,4096,1362,256,167,0,
2021-10-11 10:06:05,788 MDT INFO   log.monitoring 1155 [ebx-memorySupervisor] ,4096,1362,254,167,0,
2021-10-11 10:06:15,793 MDT INFO   log.monitoring 1155 [ebx-memorySupervisor] ,4096,1362,252,167,0,
2021-10-11 10:06:25,797 MDT INFO   log.monitoring 1155 [ebx-memorySupervisor] ,4096,1362,251,167,0,
2021-10-11 10:06:35,803 MDT INFO   log.monitoring 1155 [ebx-memorySupervisor] ,4096,1362,250,167,0,
2021-10-11 10:06:45,806 MDT INFO   log.monitoring 1155 [ebx-memorySupervisor] ,4096,1362,248,167,0,
2021-10-11 10:06:55,808 MDT INFO   log.monitoring 1155 [ebx-memorySupervisor] ,4096,1362,246,167,0,
2021-10-11 10:07:05,810 MDT INFO   log.monitoring 1155 [ebx-memorySupervisor] ,4096,1362,244,167,0,
2021-10-11 10:07:15,813 MDT INFO   log.monitoring 1155 [ebx-memorySupervisor] ,4096,1362,243,167,0,
2021-10-11 10:07:25,815 MDT INFO   log.monitoring 1155 [ebx-memorySupervisor] ,4096,1362,241,167,0,
2021-10-11 10:07:35,820 MDT INFO   log.monitoring 1155 [ebx-memorySupervisor] ,4096,1362,240,167,0,
2021-10-11 10:07:45,824 MDT INFO   log.monitoring 1155 [ebx-memorySupervisor] ,4096,1362,239,167,0,
2021-10-11 10:07:55,829 MDT INFO   log.monitoring 1155 [ebx-memorySupervisor] ,4096,1362,237,167,0,
2021-10-11 10:08:05,833 MDT INFO   log.monitoring 1155 [ebx-memorySupervisor] ,4096,1362,236,167,0,
2021-10-11 10:08:15,837 MDT INFO   log.monitoring 1155 [ebx-memorySupervisor] ,4096,1362,234,167,0,
2021-10-11 10:08:25,840 MDT INFO   log.monitoring 1155 [ebx-memorySupervisor] ,4096,1362,233,167,0,
2021-10-11 10:08:35,843 MDT INFO   log.monitoring 1155 [ebx-memorySupervisor] ,4096,1362,230,167,0,
2021-10-11 10:08:45,848 MDT INFO   log.monitoring 1155 [ebx-memorySupervisor] ,4096,1362,228,167,0,
2021-10-11 10:08:55,853 MDT INFO   log.monitoring 1155 [ebx-memorySupervisor] ,4096,1362,227,167,0,
2021-10-11 10:09:05,858 MDT INFO   log.monitoring 1155 [ebx-memorySupervisor] ,4096,1362,226,167,0,
2021-10-11 10:09:15,859 MDT INFO   log.monitoring 1155 [ebx-memorySupervisor] ,4096,1362,225,167,0,
2021-10-11 10:09:25,863 MDT INFO   log.monitoring 1155 [ebx-memorySupervisor] ,4096,1362,224,167,0,
2021-10-11 10:09:35,866 MDT INFO   log.monitoring 1155 [ebx-memorySupervisor] ,4096,1362,223,167,0,
2021-10-11 10:09:55,872 MDT INFO   log.monitoring 1155 [ebx-memorySupervisor] ,4096,1362,222,167,0,
2021-10-11 10:10:05,876 MDT INFO   log.monitoring 1155 [ebx-memorySupervisor] ,4096,1362,221,167,0,
2021-10-11 10:10:15,877 MDT INFO   log.monitoring 1155 [ebx-memorySupervisor] ,4096,1362,220,167,0,
2021-10-11 10:10:35,878 MDT INFO   log.monitoring 1155 [ebx-memorySupervisor] ,4096,1362,218,167,0,
2021-10-11 10:10:45,884 MDT INFO   log.monitoring 1155 [ebx-memorySupervisor] ,4096,1362,217,167,0,
2021-10-11 10:10:55,889 MDT INFO   log.monitoring 1155 [ebx-memorySupervisor] ,4096,1362,216,167,0,
2021-10-11 10:11:15,873 MDT INFO   log.monitoring 1155 [ebx-memorySupervisor] ,4096,1362,215,167,0,
2021-10-11 10:11:25,868 MDT INFO   log.monitoring 1155 [ebx-memorySupervisor] ,4096,1362,214,167,0,
2021-10-11 10:11:35,866 MDT INFO   log.monitoring 1155 [ebx-memorySupervisor] ,4096,1362,213,167,0,
2021-10-11 10:11:45,866 MDT INFO   log.monitoring 1155 [ebx-memorySupervisor] ,4096,1362,212,167,0,
2021-10-11 10:11:55,869 MDT INFO   log.monitoring 1155 [ebx-memorySupervisor] ,4096,1362,210,167,0,
2021-10-11 10:12:05,871 MDT INFO   log.monitoring 1155 [ebx-memorySupervisor] ,4096,1362,209,167,0,
2021-10-11 10:12:15,874 MDT INFO   log.monitoring 1155 [ebx-memorySupervisor] ,4096,1362,208,167,0,
2021-10-11 10:12:25,877 MDT INFO   log.monitoring 1155 [ebx-memorySupervisor] ,4096,1362,206,167,0,
2021-10-11 10:12:45,883 MDT INFO   log.monitoring 1155 [ebx-memorySupervisor] ,4096,1362,205,167,0,
2021-10-11 10:12:55,886 MDT INFO   log.monitoring 1155 [ebx-memorySupervisor] ,4096,1362,204,167,0,
2021-10-11 10:13:05,891 MDT INFO   log.monitoring 1155 [ebx-memorySupervisor] ,4096,1362,187,167,0,
2021-10-11 10:13:15,894 MDT INFO   log.monitoring 1155 [ebx-memorySupervisor] ,4096,1362,186,167,0,
2021-10-11 10:13:25,899 MDT INFO   log.monitoring 1155 [ebx-memorySupervisor] ,4096,1362,216,227,0,
2021-10-11 10:13:35,903 MDT INFO   log.monitoring 1155 [ebx-memorySupervisor] ,4096,1362,212,227,0,
2021-10-11 10:13:45,909 MDT INFO   log.monitoring 1155 [ebx-memorySupervisor] ,4096,1362,362,204,0,
2021-10-11 10:13:55,912 MDT INFO   log.monitoring 1155 [ebx-memorySupervisor] ,4096,1362,309,208,0,
2021-10-11 10:14:05,914 MDT INFO   log.monitoring 1155 [ebx-memorySupervisor] ,4096,1362,307,208,0,
2021-10-11 10:14:15,917 MDT INFO   log.monitoring 1155 [ebx-memorySupervisor] ,4096,1362,186,210,0,
2021-10-11 10:14:25,919 MDT INFO   log.monitoring 1155 [ebx-memorySupervisor] ,4096,1362,245,210,0,
2021-10-11 10:14:35,923 MDT INFO   log.monitoring 1155 [ebx-memorySupervisor] ,4096,1362,347,210,0,
2021-10-11 10:14:45,929 MDT INFO   log.monitoring 1155 [ebx-memorySupervisor] ,4096,1362,343,206,0,
2021-10-11 10:14:55,929 MDT INFO   log.monitoring 1155 [ebx-memorySupervisor] ,4096,1362,341,206,0,
2021-10-11 10:15:05,930 MDT INFO   log.monitoring 1155 [ebx-memorySupervisor] ,4096,1362,339,206,0,
2021-10-11 10:15:15,931 MDT INFO   log.monitoring 1155 [ebx-memorySupervisor] ,4096,1362,200,216,0,
2021-10-11 10:15:25,935 MDT INFO   log.monitoring 1155 [ebx-memorySupervisor] ,4096,1362,322,212,0,
2021-10-11 10:15:35,941 MDT INFO   log.monitoring 1155 [ebx-memorySupervisor] ,4096,1362,298,217,0,
2021-10-11 10:15:45,946 MDT INFO   log.monitoring 1155 [ebx-memorySupervisor] ,4096,1362,247,217,0,
2021-10-11 10:15:55,951 MDT INFO   log.monitoring 1155 [ebx-memorySupervisor] ,4096,1362,330,212,0,
2021-10-11 10:16:05,955 MDT INFO   log.monitoring 1155 [ebx-memorySupervisor] ,4096,1362,271,221,0,
2021-10-11 10:16:15,960 MDT INFO   log.monitoring 1155 [ebx-memorySupervisor] ,4096,1362,251,223,0,
2021-10-11 10:16:25,963 MDT INFO   log.monitoring 1155 [ebx-memorySupervisor] ,4096,1362,281,220,0,
2021-10-11 10:16:35,964 MDT INFO   log.monitoring 1155 [ebx-memorySupervisor] ,4096,1362,183,225,0,
2021-10-11 10:16:45,965 MDT INFO   log.monitoring 1155 [ebx-memorySupervisor] ,4096,1362,267,221,0,
2021-10-11 10:16:55,968 MDT INFO   log.monitoring 1155 [ebx-memorySupervisor] ,4096,1362,250,225,0,
2021-10-11 10:17:05,974 MDT INFO   log.monitoring 1155 [ebx-memorySupervisor] ,4096,1362,241,222,0,
2021-10-11 10:17:15,978 MDT INFO   log.monitoring 1155 [ebx-memorySupervisor] ,4096,1362,175,232,0,
2021-10-11 10:17:25,988 MDT INFO   log.monitoring 1155 [ebx-memorySupervisor] ,4096,1362,186,232,0,
2021-10-11 10:17:35,990 MDT INFO   log.monitoring 1155 [ebx-memorySupervisor] ,4096,1362,161,232,0,
2021-10-11 10:17:45,994 MDT INFO   log.monitoring 1155 [ebx-memorySupervisor] ,4096,1362,190,232,0,
2021-10-11 10:17:55,998 MDT INFO   log.monitoring 1155 [ebx-memorySupervisor] ,4096,1362,181,238,0,
2021-10-11 10:18:06,003 MDT INFO   log.monitoring 1155 [ebx-memorySupervisor] ,4096,1362,172,235,0,
2021-10-11 10:18:16,004 MDT INFO   log.monitoring 1155 [ebx-memorySupervisor] ,4096,1362,126,239,0,
2021-10-11 10:18:26,009 MDT INFO   log.monitoring 1155 [ebx-memorySupervisor] ,4096,1362,142,241,0,
2021-10-11 10:18:36,012 MDT INFO   log.monitoring 1155 [ebx-memorySupervisor] ,4096,1362,143,242,0,
2021-10-11 10:18:46,014 MDT INFO   log.monitoring 1155 [ebx-memorySupervisor] ,4096,1362,122,242,0,
2021-10-11 10:18:56,017 MDT INFO   log.monitoring 1155 [ebx-memorySupervisor] ,4096,1362,519,117,0,
2021-10-11 10:19:06,022 MDT INFO   log.monitoring 1155 [ebx-memorySupervisor] ,4096,1362,846,127,0,
2021-10-11 10:19:16,022 MDT INFO   log.monitoring 1155 [ebx-memorySupervisor] ,4096,1362,731,128,0,
2021-10-11 10:19:26,027 MDT INFO   log.monitoring 1155 [ebx-memorySupervisor] ,4096,1362,726,128,0,
2021-10-11 10:19:36,033 MDT INFO   log.monitoring 1155 [ebx-memorySupervisor] ,4096,1362,458,156,0,
2021-10-11 10:19:46,038 MDT INFO   log.monitoring 1155 [ebx-memorySupervisor] ,4096,1362,798,130,0,
2021-10-11 10:19:56,038 MDT INFO   log.monitoring 1155 [ebx-memorySupervisor] ,4096,1362,425,152,0,
2021-10-11 10:20:06,039 MDT INFO   log.monitoring 1155 [ebx-memorySupervisor] ,4096,1362,346,152,0,
2021-10-11 10:20:16,043 MDT INFO   log.monitoring 1155 [ebx-memorySupervisor] ,4096,1362,853,133,0,
2021-10-11 10:20:26,058 MDT INFO   log.monitoring 1155 [ebx-memorySupervisor] ,4096,1362,786,135,0,
2021-10-11 10:20:36,060 MDT INFO   log.monitoring 1155 [ebx-memorySupervisor] ,4096,1362,784,136,0,
2021-10-11 10:20:46,066 MDT INFO   log.monitoring 1155 [ebx-memorySupervisor] ,4096,1362,701,136,0,
2021-10-11 10:20:56,072 MDT INFO   log.monitoring 1155 [ebx-memorySupervisor] ,4096,1362,279,143,0,
2021-10-11 10:21:06,075 MDT INFO   log.monitoring 1155 [ebx-memorySupervisor] ,4096,1362,477,201,0,
2021-10-11 10:21:16,080 MDT INFO   log.monitoring 1155 [ebx-memorySupervisor] ,4096,1362,709,154,0,
2021-10-11 10:21:26,085 MDT INFO   log.monitoring 1155 [ebx-memorySupervisor] ,4096,1362,546,200,0,
2021-10-11 10:21:36,089 MDT INFO   log.monitoring 1155 [ebx-memorySupervisor] ,4096,1362,535,200,0,
2021-10-11 10:21:46,093 MDT INFO   log.monitoring 1155 [ebx-memorySupervisor] ,4096,1362,244,201,0,
2021-10-11 10:21:56,097 MDT INFO   log.monitoring 1155 [ebx-memorySupervisor] ,4096,1362,242,201,0,
2021-10-11 10:22:06,103 MDT INFO   log.monitoring 1155 [ebx-memorySupervisor] ,4096,1362,240,201,0,
2021-10-11 10:22:16,106 MDT INFO   log.monitoring 1155 [ebx-memorySupervisor] ,4096,1362,779,138,0,
2021-10-11 10:22:26,110 MDT INFO   log.monitoring 1155 [ebx-memorySupervisor] ,4096,1362,776,138,0,
2021-10-11 10:22:36,112 MDT INFO   log.monitoring 1155 [ebx-memorySupervisor] ,4096,1362,774,138,0,
2021-10-11 10:22:46,116 MDT INFO   log.monitoring 1155 [ebx-memorySupervisor] ,4096,1362,772,138,0,
2021-10-11 10:22:56,120 MDT INFO   log.monitoring 1155 [ebx-memorySupervisor] ,4096,1362,771,138,0,
2021-10-11 10:23:06,123 MDT INFO   log.monitoring 1155 [ebx-memorySupervisor] ,4096,1362,655,139,0,
2021-10-11 10:23:16,128 MDT INFO   log.monitoring 1155 [ebx-memorySupervisor] ,4096,1362,329,146,0,
2021-10-11 10:23:26,133 MDT INFO   log.monitoring 1155 [ebx-memorySupervisor] ,4096,1362,328,146,0,
2021-10-11 10:23:36,138 MDT INFO   log.monitoring 1155 [ebx-memorySupervisor] ,4096,1362,221,147,0,
2021-10-11 10:23:46,138 MDT INFO   log.monitoring 1155 [ebx-memorySupervisor] ,4096,1362,447,207,0,
2021-10-11 10:23:56,140 MDT INFO   log.monitoring 1155 [ebx-memorySupervisor] ,4096,1362,572,205,0,
2021-10-11 10:24:06,141 MDT INFO   log.monitoring 1155 [ebx-memorySupervisor] ,4096,1362,769,143,0,
2021-10-11 10:24:16,146 MDT INFO   log.monitoring 1155 [ebx-memorySupervisor] ,4096,1362,656,144,0,
2021-10-11 10:24:26,148 MDT INFO   log.monitoring 1155 [ebx-memorySupervisor] ,4096,1362,747,149,0,
2021-10-11 10:24:36,150 MDT INFO   log.monitoring 1155 [ebx-memorySupervisor] ,4096,1362,657,163,0,
2021-10-11 10:24:46,156 MDT INFO   log.monitoring 1155 [ebx-memorySupervisor] ,4096,1362,549,164,0,
2021-10-11 10:24:56,159 MDT INFO   log.monitoring 1155 [ebx-memorySupervisor] ,4096,1362,622,148,0,
2021-10-11 10:25:06,160 MDT INFO   log.monitoring 1155 [ebx-memorySupervisor] ,4096,1362,640,161,0,
2021-10-11 10:25:16,162 MDT INFO   log.monitoring 1155 [ebx-memorySupervisor] ,4096,1362,486,214,0,
2021-10-11 10:25:26,166 MDT INFO   log.monitoring 1155 [ebx-memorySupervisor] ,4096,1362,537,154,0,
2021-10-11 10:25:36,170 MDT INFO   log.monitoring 1155 [ebx-memorySupervisor] ,4096,1362,516,154,0,
2021-10-11 10:25:46,175 MDT INFO   log.monitoring 1155 [ebx-memorySupervisor] ,4096,1362,531,218,0,
2021-10-11 10:25:56,177 MDT INFO   log.monitoring 1155 [ebx-memorySupervisor] ,4096,1362,219,219,0,
2021-10-11 10:26:06,178 MDT INFO   log.monitoring 1155 [ebx-memorySupervisor] ,4096,1362,237,225,0,
2021-10-11 10:26:16,182 MDT INFO   log.monitoring 1155 [ebx-memorySupervisor] ,4096,1362,258,160,0,
2021-10-11 10:26:26,187 MDT INFO   log.monitoring 1155 [ebx-memorySupervisor] ,4096,1362,608,154,0,
2021-10-11 10:26:36,192 MDT INFO   log.monitoring 1155 [ebx-memorySupervisor] ,4096,1362,455,221,0,
2021-10-11 10:26:46,196 MDT INFO   log.monitoring 1155 [ebx-memorySupervisor] ,4096,1362,246,229,0,
2021-10-11 10:26:56,201 MDT INFO   log.monitoring 1155 [ebx-memorySupervisor] ,4096,1362,520,158,0,
2021-10-11 10:27:06,204 MDT INFO   log.monitoring 1155 [ebx-memorySupervisor] ,4096,1362,523,157,0,
2021-10-11 10:27:16,209 MDT INFO   log.monitoring 1155 [ebx-memorySupervisor] ,4096,1362,291,226,0,
2021-10-11 10:27:26,211 MDT INFO   log.monitoring 1155 [ebx-memorySupervisor] ,4096,1362,589,158,0,
2021-10-11 10:27:36,216 MDT INFO   log.monitoring 1155 [ebx-memorySupervisor] ,4096,1362,220,238,0,
2021-10-11 10:27:46,220 MDT INFO   log.monitoring 1155 [ebx-memorySupervisor] ,4096,1362,319,174,0,
2021-10-11 10:27:56,223 MDT INFO   log.monitoring 1155 [ebx-memorySupervisor] ,4096,1362,307,174,0,
2021-10-11 10:28:06,228 MDT INFO   log.monitoring 1155 [ebx-memorySupervisor] ,4096,1362,201,177,0,
2021-10-11 10:28:16,233 MDT INFO   log.monitoring 1155 [ebx-memorySupervisor] ,4096,1362,517,162,0,
2021-10-11 10:28:26,213 MDT INFO   log.monitoring 1155 [ebx-memorySupervisor] ,4096,1362,506,162,0,
2021-10-11 10:28:36,205 MDT INFO   log.monitoring 1155 [ebx-memorySupervisor] ,4096,1362,501,162,0,
2021-10-11 10:28:46,203 MDT INFO   log.monitoring 1155 [ebx-memorySupervisor] ,4096,1362,500,162,0,
2021-10-11 10:28:56,203 MDT INFO   log.monitoring 1155 [ebx-memorySupervisor] ,4096,1362,498,162,0,
2021-10-11 10:29:06,202 MDT INFO   log.monitoring 1155 [ebx-memorySupervisor] ,4096,1362,496,162,0,
2021-10-11 10:29:16,204 MDT INFO   log.monitoring 1155 [ebx-memorySupervisor] ,4096,1362,492,163,0,
2021-10-11 10:29:26,206 MDT INFO   log.monitoring 1155 [ebx-memorySupervisor] ,4096,1362,489,163,0,
2021-10-11 10:29:36,211 MDT INFO   log.monitoring 1155 [ebx-memorySupervisor] ,4096,1362,488,163,0,
2021-10-11 10:29:46,217 MDT INFO   log.monitoring 1155 [ebx-memorySupervisor] ,4096,1362,486,163,0,
2021-10-11 10:29:56,222 MDT INFO   log.monitoring 1155 [ebx-memorySupervisor] ,4096,1362,485,163,0,
2021-10-11 10:30:06,226 MDT INFO   log.monitoring 1155 [ebx-memorySupervisor] ,4096,1362,467,164,0,
2021-10-11 10:30:16,228 MDT INFO   log.monitoring 1155 [ebx-memorySupervisor] ,4096,1362,356,233,0,
2021-10-11 10:30:26,229 MDT INFO   log.monitoring 1155 [ebx-memorySupervisor] ,4096,1362,425,199,0,
2021-10-11 10:30:36,230 MDT INFO   log.monitoring 1155 [ebx-memorySupervisor] ,4096,1362,357,204,0,
2021-10-11 10:30:46,230 MDT INFO   log.monitoring 1155 [ebx-memorySupervisor] ,4096,1362,377,232,0,
2021-10-11 10:30:56,236 MDT INFO   log.monitoring 1155 [ebx-memorySupervisor] ,4096,1362,161,242,0,
2021-10-11 10:31:06,237 MDT INFO   log.monitoring 1155 [ebx-memorySupervisor] ,4096,1362,191,237,0,
2021-10-11 10:31:16,240 MDT INFO   log.monitoring 1155 [ebx-memorySupervisor] ,4096,1472,323,205,0,
2021-10-11 10:31:26,244 MDT INFO   log.monitoring 1155 [ebx-memorySupervisor] ,4096,1472,254,205,0,
2021-10-11 10:31:36,247 MDT INFO   log.monitoring 1155 [ebx-memorySupervisor] ,4096,1472,285,206,0,
2021-10-11 10:31:46,250 MDT INFO   log.monitoring 1155 [ebx-memorySupervisor] ,4096,1472,244,206,0,
2021-10-11 10:31:56,255 MDT INFO   log.monitoring 1155 [ebx-memorySupervisor] ,4096,1577,294,206,0,
2021-10-11 10:32:06,259 MDT INFO   log.monitoring 1155 [ebx-memorySupervisor] ,4096,1577,291,206,0,
2021-10-11 10:32:16,262 MDT INFO   log.monitoring 1155 [ebx-memorySupervisor] ,4096,1577,288,206,0,
2021-10-11 10:32:26,266 MDT INFO   log.monitoring 1155 [ebx-memorySupervisor] ,4096,1577,287,206,0,
2021-10-11 10:32:36,269 MDT INFO   log.monitoring 1155 [ebx-memorySupervisor] ,4096,1577,284,206,0,
2021-10-11 10:32:46,271 MDT INFO   log.monitoring 1155 [ebx-memorySupervisor] ,4096,1577,281,206,0,
2021-10-11 10:32:56,273 MDT INFO   log.monitoring 1155 [ebx-memorySupervisor] ,4096,1577,280,206,0,
2021-10-11 10:33:06,276 MDT INFO   log.monitoring 1155 [ebx-memorySupervisor] ,4096,1577,279,206,0,
2021-10-11 10:33:16,281 MDT INFO   log.monitoring 1155 [ebx-memorySupervisor] ,4096,1577,278,206,0,
2021-10-11 10:33:26,285 MDT INFO   log.monitoring 1155 [ebx-memorySupervisor] ,4096,1577,277,206,0,
2021-10-11 10:33:36,290 MDT INFO   log.monitoring 1155 [ebx-memorySupervisor] ,4096,1577,276,206,0,
2021-10-11 10:33:46,292 MDT INFO   log.monitoring 1155 [ebx-memorySupervisor] ,4096,1577,275,206,0,
2021-10-11 10:33:56,297 MDT INFO   log.monitoring 1155 [ebx-memorySupervisor] ,4096,1577,274,206,0,
2021-10-11 10:34:06,303 MDT INFO   log.monitoring 1155 [ebx-memorySupervisor] ,4096,1577,272,206,0,
2021-10-11 10:34:16,308 MDT INFO   log.monitoring 1155 [ebx-memorySupervisor] ,4096,1577,270,206,0,
2021-10-11 10:34:26,309 MDT INFO   log.monitoring 1155 [ebx-memorySupervisor] ,4096,1577,269,206,0,
2021-10-11 10:34:36,311 MDT INFO   log.monitoring 1155 [ebx-memorySupervisor] ,4096,1577,268,206,0,
2021-10-11 10:34:46,316 MDT INFO   log.monitoring 1155 [ebx-memorySupervisor] ,4096,1577,267,206,0,
2021-10-11 10:34:56,321 MDT INFO   log.monitoring 1155 [ebx-memorySupervisor] ,4096,1577,266,206,0,
2021-10-11 10:35:06,322 MDT INFO   log.monitoring 1155 [ebx-memorySupervisor] ,4096,1577,265,206,0,
2021-10-11 10:35:16,327 MDT INFO   log.monitoring 1155 [ebx-memorySupervisor] ,4096,1577,262,206,0,
2021-10-11 10:35:26,332 MDT INFO   log.monitoring 1155 [ebx-memorySupervisor] ,4096,1577,259,206,0,
2021-10-11 10:35:36,335 MDT INFO   log.monitoring 1155 [ebx-memorySupervisor] ,4096,1577,256,206,0,
2021-10-11 10:35:46,339 MDT INFO   log.monitoring 1155 [ebx-memorySupervisor] ,4096,1577,253,206,0,
2021-10-11 10:35:56,345 MDT INFO   log.monitoring 1155 [ebx-memorySupervisor] ,4096,1577,249,206,0,
2021-10-11 10:36:06,349 MDT INFO   log.monitoring 1155 [ebx-memorySupervisor] ,4096,1577,245,206,0,
2021-10-11 10:36:16,353 MDT INFO   log.monitoring 1155 [ebx-memorySupervisor] ,4096,1577,242,206,0,
2021-10-11 10:36:26,356 MDT INFO   log.monitoring 1155 [ebx-memorySupervisor] ,4096,1577,241,206,0,
2021-10-11 10:36:36,360 MDT INFO   log.monitoring 1155 [ebx-memorySupervisor] ,4096,1577,239,206,0,
2021-10-11 10:36:46,364 MDT INFO   log.monitoring 1155 [ebx-memorySupervisor] ,4096,1577,237,206,0,
2021-10-11 10:36:56,365 MDT INFO   log.monitoring 1155 [ebx-memorySupervisor] ,4096,1577,234,206,0,
2021-10-11 10:37:06,370 MDT INFO   log.monitoring 1155 [ebx-memorySupervisor] ,4096,1577,232,206,0,
2021-10-11 10:37:16,373 MDT INFO   log.monitoring 1155 [ebx-memorySupervisor] ,4096,1577,231,206,0,
2021-10-11 10:37:26,375 MDT INFO   log.monitoring 1155 [ebx-memorySupervisor] ,4096,1577,230,206,0,
2021-10-11 10:37:36,380 MDT INFO   log.monitoring 1155 [ebx-memorySupervisor] ,4096,1577,229,206,0,
2021-10-11 10:37:46,384 MDT INFO   log.monitoring 1155 [ebx-memorySupervisor] ,4096,1577,227,206,0,
2021-10-11 10:37:56,389 MDT INFO   log.monitoring 1155 [ebx-memorySupervisor] ,4096,1577,226,206,0,
2021-10-11 10:38:06,393 MDT INFO   log.monitoring 1155 [ebx-memorySupervisor] ,4096,1577,225,206,0,
2021-10-11 10:38:16,399 MDT INFO   log.monitoring 1155 [ebx-memorySupervisor] ,4096,1577,224,206,0,
2021-10-11 10:38:26,403 MDT INFO   log.monitoring 1155 [ebx-memorySupervisor] ,4096,1577,223,206,0,
2021-10-11 10:38:36,406 MDT INFO   log.monitoring 1155 [ebx-memorySupervisor] ,4096,1577,222,206,0,
2021-10-11 10:38:56,416 MDT INFO   log.monitoring 1155 [ebx-memorySupervisor] ,4096,1577,220,206,0,
2021-10-11 10:39:06,421 MDT INFO   log.monitoring 1155 [ebx-memorySupervisor] ,4096,1577,218,206,0,
2021-10-11 10:39:16,426 MDT INFO   log.monitoring 1155 [ebx-memorySupervisor] ,4096,1577,217,206,0,
2021-10-11 10:39:26,429 MDT INFO   log.monitoring 1155 [ebx-memorySupervisor] ,4096,1577,216,206,0,
2021-10-11 10:39:36,434 MDT INFO   log.monitoring 1155 [ebx-memorySupervisor] ,4096,1577,215,206,0,
2021-10-11 10:39:46,438 MDT INFO   log.monitoring 1155 [ebx-memorySupervisor] ,4096,1577,213,206,0,
2021-10-11 10:39:56,440 MDT INFO   log.monitoring 1155 [ebx-memorySupervisor] ,4096,1577,212,206,0,
2021-10-11 10:40:06,444 MDT INFO   log.monitoring 1155 [ebx-memorySupervisor] ,4096,1577,210,206,0,
2021-10-11 10:40:26,452 MDT INFO   log.monitoring 1155 [ebx-memorySupervisor] ,4096,1577,209,206,0,
2021-10-11 10:40:36,454 MDT INFO   log.monitoring 1155 [ebx-memorySupervisor] ,4096,1577,208,206,0,
2021-10-11 10:40:46,459 MDT INFO   log.monitoring 1155 [ebx-memorySupervisor] ,4096,1577,207,206,0,
2021-10-11 10:40:56,461 MDT INFO   log.monitoring 1155 [ebx-memorySupervisor] ,4096,1577,205,206,0,
2021-10-11 10:41:06,466 MDT INFO   log.monitoring 1155 [ebx-memorySupervisor] ,4096,1577,203,206,0,
2021-10-11 10:41:16,471 MDT INFO   log.monitoring 1155 [ebx-memorySupervisor] ,4096,1577,202,206,0,
2021-10-11 10:41:36,479 MDT INFO   log.monitoring 1155 [ebx-memorySupervisor] ,4096,1577,201,206,0,
2021-10-11 10:41:46,482 MDT INFO   log.monitoring 1155 [ebx-memorySupervisor] ,4096,1577,199,206,0,
2021-10-11 10:41:56,485 MDT INFO   log.monitoring 1155 [ebx-memorySupervisor] ,4096,1577,198,206,0,
2021-10-11 10:42:06,490 MDT INFO   log.monitoring 1155 [ebx-memorySupervisor] ,4096,1577,197,206,0,
2021-10-11 10:42:16,494 MDT INFO   log.monitoring 1155 [ebx-memorySupervisor] ,4096,1577,195,206,0,
2021-10-11 10:42:26,497 MDT INFO   log.monitoring 1155 [ebx-memorySupervisor] ,4096,1577,194,206,0,
2021-10-11 10:42:36,501 MDT INFO   log.monitoring 1155 [ebx-memorySupervisor] ,4096,1577,193,206,0,
2021-10-11 10:42:46,506 MDT INFO   log.monitoring 1155 [ebx-memorySupervisor] ,4096,1577,192,206,0,
2021-10-11 10:42:56,511 MDT INFO   log.monitoring 1155 [ebx-memorySupervisor] ,4096,1577,190,206,0,
2021-10-11 10:43:16,515 MDT INFO   log.monitoring 1155 [ebx-memorySupervisor] ,4096,1577,189,206,0,
2021-10-11 10:43:26,519 MDT INFO   log.monitoring 1155 [ebx-memorySupervisor] ,4096,1577,188,206,0,
2021-10-11 10:43:36,522 MDT INFO   log.monitoring 1155 [ebx-memorySupervisor] ,4096,1577,186,206,0,
2021-10-11 10:43:46,527 MDT INFO   log.monitoring 1155 [ebx-memorySupervisor] ,4096,1577,185,206,0,
2021-10-11 10:43:56,532 MDT INFO   log.monitoring 1155 [ebx-memorySupervisor] ,4096,1577,183,206,0,
2021-10-11 10:44:06,533 MDT INFO   log.monitoring 1155 [ebx-memorySupervisor] ,4096,1577,182,206,0,
2021-10-11 10:44:16,537 MDT INFO   log.monitoring 1155 [ebx-memorySupervisor] ,4096,1577,181,206,0,
2021-10-11 10:44:26,542 MDT INFO   log.monitoring 1155 [ebx-memorySupervisor] ,4096,1577,180,206,0,
2021-10-11 10:44:46,548 MDT INFO   log.monitoring 1155 [ebx-memorySupervisor] ,4096,1577,179,206,0,
2021-10-11 10:44:56,550 MDT INFO   log.monitoring 1155 [ebx-memorySupervisor] ,4096,1577,178,206,0,
2021-10-11 10:45:06,553 MDT INFO   log.monitoring 1155 [ebx-memorySupervisor] ,4096,1577,242,206,0,
2021-10-11 10:45:16,558 MDT INFO   log.monitoring 1155 [ebx-memorySupervisor] ,4096,1577,276,206,0,
2021-10-11 10:45:26,562 MDT INFO   log.monitoring 1155 [ebx-memorySupervisor] ,4096,1577,263,208,0,
2021-10-11 10:45:36,565 MDT INFO   log.monitoring 1155 [ebx-memorySupervisor] ,4096,1577,284,208,0,
2021-10-11 10:45:46,568 MDT INFO   log.monitoring 1155 [ebx-memorySupervisor] ,4096,1577,243,219,0,
2021-10-11 10:45:56,573 MDT INFO   log.monitoring 1155 [ebx-memorySupervisor] ,4096,1577,188,229,0,
2021-10-11 10:46:06,578 MDT INFO   log.monitoring 1155 [ebx-memorySupervisor] ,4096,1577,172,218,0,
2021-10-11 10:46:16,580 MDT INFO   log.monitoring 1155 [ebx-memorySupervisor] ,4096,1577,236,214,0,
2021-10-11 10:46:26,581 MDT INFO   log.monitoring 1155 [ebx-memorySupervisor] ,4096,1577,233,223,0,
2021-10-11 10:46:36,580 MDT INFO   log.monitoring 1155 [ebx-memorySupervisor] ,4096,1577,185,216,0,
2021-10-11 10:46:46,584 MDT INFO   log.monitoring 1155 [ebx-memorySupervisor] ,4096,1577,196,224,0,
2021-10-11 10:46:56,588 MDT INFO   log.monitoring 1155 [ebx-memorySupervisor] ,4096,1577,131,220,0,
2021-10-11 10:47:06,590 MDT INFO   log.monitoring 1155 [ebx-memorySupervisor] ,4096,1577,133,222,0,
2021-10-11 10:47:16,594 MDT INFO   log.monitoring 1155 [ebx-memorySupervisor] ,4096,1577,174,222,0,
2021-10-11 10:47:26,595 MDT INFO   log.monitoring 1155 [ebx-memorySupervisor] ,4096,1577,124,224,0,
2021-10-11 10:47:36,597 MDT INFO   log.monitoring 1155 [ebx-memorySupervisor] ,4096,1577,881,167,0,
2021-10-11 10:47:46,601 MDT INFO   log.monitoring 1155 [ebx-memorySupervisor] ,4096,1577,434,174,0,
2021-10-11 10:47:56,606 MDT INFO   log.monitoring 1155 [ebx-memorySupervisor] ,4096,1577,973,140,0,
2021-10-11 10:48:06,611 MDT INFO   log.monitoring 1155 [ebx-memorySupervisor] ,4096,1577,502,222,0,
2021-10-11 10:48:16,613 MDT INFO   log.monitoring 1155 [ebx-memorySupervisor] ,4096,1577,364,223,0,
2021-10-11 10:48:26,616 MDT INFO   log.monitoring 1155 [ebx-memorySupervisor] ,4096,1577,517,231,0,
2021-10-11 10:48:36,622 MDT INFO   log.monitoring 1155 [ebx-memorySupervisor] ,4096,1577,652,218,0,
2021-10-11 10:48:46,625 MDT INFO   log.monitoring 1155 [ebx-memorySupervisor] ,4096,1577,651,218,0,
2021-10-11 10:48:56,628 MDT INFO   log.monitoring 1155 [ebx-memorySupervisor] ,4096,1577,649,218,0,
2021-10-11 10:49:06,632 MDT INFO   log.monitoring 1155 [ebx-memorySupervisor] ,4096,1577,754,150,0,
2021-10-11 10:49:16,645 MDT INFO   log.monitoring 1155 [ebx-memorySupervisor] ,4096,1577,465,226,0,
2021-10-11 10:49:26,649 MDT INFO   log.monitoring 1155 [ebx-memorySupervisor] ,4096,1577,499,229,0,
2021-10-11 10:49:36,654 MDT INFO   log.monitoring 1155 [ebx-memorySupervisor] ,4096,1577,746,158,0,
2021-10-11 10:49:46,658 MDT INFO   log.monitoring 1155 [ebx-memorySupervisor] ,4096,1577,825,180,0,
2021-10-11 10:49:56,663 MDT INFO   log.monitoring 1155 [ebx-memorySupervisor] ,4096,1577,759,180,0,
2021-10-11 10:50:06,665 MDT INFO   log.monitoring 1155 [ebx-memorySupervisor] ,4096,1577,282,241,0,
2021-10-11 10:50:16,669 MDT INFO   log.monitoring 1155 [ebx-memorySupervisor] ,4096,1577,877,162,0,
2021-10-11 10:50:26,670 MDT INFO   log.monitoring 1155 [ebx-memorySupervisor] ,4096,1577,398,169,0,
2021-10-11 10:50:36,673 MDT INFO   log.monitoring 1155 [ebx-memorySupervisor] ,4096,1577,289,170,0,
2021-10-11 10:50:46,675 MDT INFO   log.monitoring 1155 [ebx-memorySupervisor] ,4096,1577,425,241,0,
2021-10-11 10:50:56,681 MDT INFO   log.monitoring 1155 [ebx-memorySupervisor] ,4096,1577,678,238,0,
2021-10-11 10:51:06,684 MDT INFO   log.monitoring 1155 [ebx-memorySupervisor] ,4096,1577,559,239,0,
2021-10-11 10:51:16,687 MDT INFO   log.monitoring 1155 [ebx-memorySupervisor] ,4096,1577,663,165,0,
2021-10-11 10:51:26,691 MDT INFO   log.monitoring 1155 [ebx-memorySupervisor] ,4096,1577,528,259,0,
2021-10-11 10:51:36,695 MDT INFO   log.monitoring 1155 [ebx-memorySupervisor] ,4096,1577,787,188,0,
2021-10-11 10:51:46,697 MDT INFO   log.monitoring 1155 [ebx-memorySupervisor] ,4096,1577,266,258,0,
2021-10-11 10:51:56,703 MDT INFO   log.monitoring 1155 [ebx-memorySupervisor] ,4096,1577,584,248,0,
2021-10-11 10:52:06,707 MDT INFO   log.monitoring 1155 [ebx-memorySupervisor] ,4096,1577,276,248,0,
2021-10-11 10:52:16,712 MDT INFO   log.monitoring 1155 [ebx-memorySupervisor] ,4096,1577,253,248,0,
2021-10-11 10:52:26,716 MDT INFO   log.monitoring 1155 [ebx-memorySupervisor] ,4096,1577,236,243,0,
2021-10-11 10:52:36,720 MDT INFO   log.monitoring 1155 [ebx-memorySupervisor] ,4096,1577,724,169,0,
2021-10-11 10:52:46,722 MDT INFO   log.monitoring 1155 [ebx-memorySupervisor] ,4096,1577,715,170,0,
2021-10-11 10:52:56,725 MDT INFO   log.monitoring 1155 [ebx-memorySupervisor] ,4096,1577,711,195,0,
2021-10-11 10:53:06,734 MDT INFO   log.monitoring 1155 [ebx-memorySupervisor] ,4096,1577,422,248,0,
2021-10-11 10:53:16,738 MDT INFO   log.monitoring 1155 [ebx-memorySupervisor] ,4096,1577,384,248,0,
2021-10-11 10:53:26,742 MDT INFO   log.monitoring 1155 [ebx-memorySupervisor] ,4096,1577,276,250,0,
2021-10-11 10:53:36,748 MDT INFO   log.monitoring 1155 [ebx-memorySupervisor] ,4096,1577,258,179,0,
2021-10-11 10:53:46,748 MDT INFO   log.monitoring 1155 [ebx-memorySupervisor] ,4096,1577,683,173,0,
2021-10-11 10:53:56,752 MDT INFO   log.monitoring 1155 [ebx-memorySupervisor] ,4096,1577,552,251,0,
2021-10-11 10:54:06,756 MDT INFO   log.monitoring 1155 [ebx-memorySupervisor] ,4096,1577,549,251,0,
2021-10-11 10:54:16,759 MDT INFO   log.monitoring 1155 [ebx-memorySupervisor] ,4096,1577,546,251,0,
2021-10-11 10:54:26,760 MDT INFO   log.monitoring 1155 [ebx-memorySupervisor] ,4096,1577,543,251,0,
2021-10-11 10:54:36,763 MDT INFO   log.monitoring 1155 [ebx-memorySupervisor] ,4096,1577,542,251,0,
2021-10-11 10:54:46,767 MDT INFO   log.monitoring 1155 [ebx-memorySupervisor] ,4096,1577,394,252,0,
2021-10-11 10:54:56,771 MDT INFO   log.monitoring 1155 [ebx-memorySupervisor] ,4096,1577,197,253,0,
2021-10-11 10:55:06,775 MDT INFO   log.monitoring 1155 [ebx-memorySupervisor] ,4096,1577,352,252,0,
2021-10-11 10:55:16,777 MDT INFO   log.monitoring 1155 [ebx-memorySupervisor] ,4096,1577,227,253,0,
2021-10-11 10:55:26,779 MDT INFO   log.monitoring 1155 [ebx-memorySupervisor] ,4096,1577,582,177,0,
2021-10-11 10:55:36,780 MDT INFO   log.monitoring 1155 [ebx-memorySupervisor] ,4096,1577,535,191,0,
2021-10-11 10:55:46,783 MDT INFO   log.monitoring 1155 [ebx-memorySupervisor] ,4096,1577,650,177,0,
2021-10-11 10:55:56,787 MDT INFO   log.monitoring 1155 [ebx-memorySupervisor] ,4096,1577,297,256,0,
2021-10-11 10:56:06,789 MDT INFO   log.monitoring 1155 [ebx-memorySupervisor] ,4096,1577,617,179,0,
2021-10-11 10:56:16,795 MDT INFO   log.monitoring 1155 [ebx-memorySupervisor] ,4096,1577,548,180,0,
2021-10-11 10:56:26,799 MDT INFO   log.monitoring 1155 [ebx-memorySupervisor] ,4096,1577,361,195,0,
2021-10-11 10:56:36,802 MDT INFO   log.monitoring 1155 [ebx-memorySupervisor] ,4096,1577,429,260,0,
2021-10-11 10:56:46,805 MDT INFO   log.monitoring 1155 [ebx-memorySupervisor] ,4096,1577,412,196,0,
2021-10-11 10:56:56,810 MDT INFO   log.monitoring 1155 [ebx-memorySupervisor] ,4096,1577,457,182,0,
2021-10-11 10:57:06,815 MDT INFO   log.monitoring 1155 [ebx-memorySupervisor] ,4096,1577,226,257,0,
2021-10-11 10:57:16,821 MDT INFO   log.monitoring 1155 [ebx-memorySupervisor] ,4096,1577,229,265,0,
2021-10-11 10:57:26,825 MDT INFO   log.monitoring 1155 [ebx-memorySupervisor] ,4096,1577,331,188,0,
2021-10-11 10:57:36,826 MDT INFO   log.monitoring 1155 [ebx-memorySupervisor] ,4096,1577,543,185,0,
2021-10-11 10:57:46,831 MDT INFO   log.monitoring 1155 [ebx-memorySupervisor] ,4096,1577,229,235,0,
2021-10-11 10:57:56,834 MDT INFO   log.monitoring 1155 [ebx-memorySupervisor] ,4096,1577,537,186,0,
2021-10-11 10:58:06,838 MDT INFO   log.monitoring 1155 [ebx-memorySupervisor] ,4096,1577,254,267,0,
2021-10-11 10:58:16,843 MDT INFO   log.monitoring 1155 [ebx-memorySupervisor] ,4096,1577,449,211,0,
2021-10-11 10:58:26,848 MDT INFO   log.monitoring 1155 [ebx-memorySupervisor] ,4096,1577,244,214,0,
2021-10-11 10:58:36,852 MDT INFO   log.monitoring 1155 [ebx-memorySupervisor] ,4096,1577,244,190,0,
2021-10-11 10:58:46,855 MDT INFO   log.monitoring 1155 [ebx-memorySupervisor] ,4096,1577,243,190,0,
2021-10-11 10:58:56,861 MDT INFO   log.monitoring 1155 [ebx-memorySupervisor] ,4096,1577,465,203,0,
2021-10-11 10:59:06,867 MDT INFO   log.monitoring 1155 [ebx-memorySupervisor] ,4096,1577,295,204,0,
2021-10-11 10:59:16,871 MDT INFO   log.monitoring 1155 [ebx-memorySupervisor] ,4096,1577,403,216,0,
2021-10-11 10:59:26,873 MDT INFO   log.monitoring 1155 [ebx-memorySupervisor] ,4096,1577,254,217,0,
2021-10-11 10:59:36,874 MDT INFO   log.monitoring 1155 [ebx-memorySupervisor] ,4096,1577,441,195,0,
2021-10-11 10:59:46,875 MDT INFO   log.monitoring 1155 [ebx-memorySupervisor] ,4096,1577,306,224,0,
2021-10-11 10:59:56,880 MDT INFO   log.monitoring 1155 [ebx-memorySupervisor] ,4096,1577,408,196,0,
2021-10-11 11:00:06,884 MDT INFO   log.monitoring 1155 [ebx-memorySupervisor] ,4096,1577,394,199,0,
2021-10-11 11:00:16,887 MDT INFO   log.monitoring 1155 [ebx-memorySupervisor] ,4096,1577,286,201,0,
2021-10-11 11:00:26,890 MDT INFO   log.monitoring 1155 [ebx-memorySupervisor] ,4096,1577,199,201,0,
2021-10-11 11:00:36,896 MDT INFO   log.monitoring 1155 [ebx-memorySupervisor] ,4096,1577,196,201,0,
2021-10-11 11:00:46,900 MDT INFO   log.monitoring 1155 [ebx-memorySupervisor] ,4096,1577,195,201,0,
2021-10-11 11:00:56,905 MDT INFO   log.monitoring 1155 [ebx-memorySupervisor] ,4096,1577,192,201,0,
2021-10-11 11:01:06,909 MDT INFO   log.monitoring 1155 [ebx-memorySupervisor] ,4096,1577,190,201,0,
2021-10-11 11:01:16,914 MDT INFO   log.monitoring 1155 [ebx-memorySupervisor] ,4096,1577,189,201,0,
2021-10-11 11:01:26,916 MDT INFO   log.monitoring 1155 [ebx-memorySupervisor] ,4096,1577,188,201,0,
2021-10-11 11:01:36,921 MDT INFO   log.monitoring 1155 [ebx-memorySupervisor] ,4096,1577,186,201,0,
2021-10-11 11:01:46,924 MDT INFO   log.monitoring 1155 [ebx-memorySupervisor] ,4096,1577,184,201,0,
2021-10-11 11:01:56,928 MDT INFO   log.monitoring 1155 [ebx-memorySupervisor] ,4096,1577,231,199,0,
2021-10-11 11:02:06,934 MDT INFO   log.monitoring 1155 [ebx-memorySupervisor] ,4096,1577,240,200,0,
2021-10-11 11:02:16,935 MDT INFO   log.monitoring 1155 [ebx-memorySupervisor] ,4096,1577,356,201,0,
2021-10-11 11:02:26,940 MDT INFO   log.monitoring 1155 [ebx-memorySupervisor] ,4096,1577,242,201,0,
2021-10-11 11:02:36,943 MDT INFO   log.monitoring 1155 [ebx-memorySupervisor] ,4096,1577,315,226,0,
2021-10-11 11:02:46,944 MDT INFO   log.monitoring 1155 [ebx-memorySupervisor] ,4096,1577,222,236,0,
2021-10-11 11:02:56,949 MDT INFO   log.monitoring 1155 [ebx-memorySupervisor] ,4096,1577,245,205,0,
2021-10-11 11:03:06,950 MDT INFO   log.monitoring 1155 [ebx-memorySupervisor] ,4096,1577,250,207,0,
2021-10-11 11:03:16,953 MDT INFO   log.monitoring 1155 [ebx-memorySupervisor] ,4096,1577,228,207,0,
2021-10-11 11:03:26,957 MDT INFO   log.monitoring 1155 [ebx-memorySupervisor] ,4096,1577,225,210,0,
2021-10-11 11:03:36,960 MDT INFO   log.monitoring 1155 [ebx-memorySupervisor] ,4096,1577,201,243,0,
2021-10-11 11:03:46,959 MDT INFO   log.monitoring 1155 [ebx-memorySupervisor] ,4096,1577,210,213,0,
2021-10-11 11:03:56,951 MDT INFO   log.monitoring 1155 [ebx-memorySupervisor] ,4096,1577,241,213,0,
2021-10-11 11:04:06,949 MDT INFO   log.monitoring 1155 [ebx-memorySupervisor] ,4096,1577,186,242,0,
2021-10-11 11:04:16,953 MDT INFO   log.monitoring 1155 [ebx-memorySupervisor] ,4096,1577,222,220,0,
2021-10-11 11:04:26,955 MDT INFO   log.monitoring 1155 [ebx-memorySupervisor] ,4096,1577,189,217,0,
2021-10-11 11:04:36,955 MDT INFO   log.monitoring 1155 [ebx-memorySupervisor] ,4096,1577,166,220,0,
2021-10-11 11:04:46,960 MDT INFO   log.monitoring 1155 [ebx-memorySupervisor] ,4096,1577,145,250,0,
2021-10-11 11:04:56,961 MDT INFO   log.monitoring 1155 [ebx-memorySupervisor] ,4096,1577,185,222,0,
2021-10-11 11:05:06,966 MDT INFO   log.monitoring 1155 [ebx-memorySupervisor] ,4096,1577,613,157,0,
2021-10-11 11:05:16,971 MDT INFO   log.monitoring 1155 [ebx-memorySupervisor] ,4096,1577,715,163,0,
2021-10-11 11:05:26,976 MDT INFO   log.monitoring 1155 [ebx-memorySupervisor] ,4096,1577,532,164,0,
2021-10-11 11:05:36,978 MDT INFO   log.monitoring 1155 [ebx-memorySupervisor] ,4096,1577,530,164,0,
2021-10-11 11:05:46,980 MDT INFO   log.monitoring 1155 [ebx-memorySupervisor] ,4096,1577,528,164,0,
2021-10-11 11:05:56,984 MDT INFO   log.monitoring 1155 [ebx-memorySupervisor] ,4096,1577,428,250,0,
2021-10-11 11:06:06,989 MDT INFO   log.monitoring 1155 [ebx-memorySupervisor] ,4096,1577,493,252,0,
2021-10-11 11:06:16,993 MDT INFO   log.monitoring 1155 [ebx-memorySupervisor] ,4096,1577,404,254,0,
2021-10-11 11:06:26,999 MDT INFO   log.monitoring 1155 [ebx-memorySupervisor] ,4096,1577,623,217,0,
2021-10-11 11:06:37,002 MDT INFO   log.monitoring 1155 [ebx-memorySupervisor] ,4096,1577,568,254,0,
2021-10-11 11:06:47,005 MDT INFO   log.monitoring 1155 [ebx-memorySupervisor] ,4096,1577,670,190,0,
2021-10-11 11:06:57,007 MDT INFO   log.monitoring 1155 [ebx-memorySupervisor] ,4096,1577,517,192,0,
2021-10-11 11:07:07,013 MDT INFO   log.monitoring 1155 [ebx-memorySupervisor] ,4096,1577,540,175,0,
2021-10-11 11:07:17,013 MDT INFO   log.monitoring 1155 [ebx-memorySupervisor] ,4096,1577,886,172,0,
2021-10-11 11:07:27,015 MDT INFO   log.monitoring 1155 [ebx-memorySupervisor] ,4096,1577,212,262,0,
2021-10-11 11:07:37,018 MDT INFO   log.monitoring 1155 [ebx-memorySupervisor] ,4096,1577,656,202,0,
2021-10-11 11:07:47,024 MDT INFO   log.monitoring 1155 [ebx-memorySupervisor] ,4096,1577,666,175,0,
2021-10-11 11:07:57,030 MDT INFO   log.monitoring 1155 [ebx-memorySupervisor] ,4096,1577,469,190,0,
2021-10-11 11:08:07,033 MDT INFO   log.monitoring 1155 [ebx-memorySupervisor] ,4096,1577,839,176,0,
2021-10-11 11:08:17,039 MDT INFO   log.monitoring 1155 [ebx-memorySupervisor] ,4096,1577,633,212,0,
2021-10-11 11:08:27,045 MDT INFO   log.monitoring 1155 [ebx-memorySupervisor] ,4096,1577,451,183,0,
2021-10-11 11:08:37,046 MDT INFO   log.monitoring 1155 [ebx-memorySupervisor] ,4096,1577,283,184,0,
2021-10-11 11:08:47,048 MDT INFO   log.monitoring 1155 [ebx-memorySupervisor] ,4096,1577,631,218,0,
2021-10-11 11:08:57,051 MDT INFO   log.monitoring 1155 [ebx-memorySupervisor] ,4096,1577,732,199,0,
2021-10-11 11:09:07,056 MDT INFO   log.monitoring 1155 [ebx-memorySupervisor] ,4096,1577,400,202,0,
2021-10-11 11:09:17,061 MDT INFO   log.monitoring 1155 [ebx-memorySupervisor] ,4096,1577,371,202,0,
2021-10-11 11:09:27,064 MDT INFO   log.monitoring 1155 [ebx-memorySupervisor] ,4096,1577,365,202,0,
2021-10-11 11:09:37,067 MDT INFO   log.monitoring 1155 [ebx-memorySupervisor] ,4096,1577,265,188,0,
2021-10-11 11:09:47,071 MDT INFO   log.monitoring 1155 [ebx-memorySupervisor] ,4096,1577,641,183,0,
2021-10-11 11:09:57,073 MDT INFO   log.monitoring 1155 [ebx-memorySupervisor] ,4096,1577,640,183,0,
2021-10-11 11:10:07,079 MDT INFO   log.monitoring 1155 [ebx-memorySupervisor] ,4096,1577,693,183,0,
2021-10-11 11:10:17,084 MDT INFO   log.monitoring 1155 [ebx-memorySupervisor] ,4096,1577,312,273,0,
2021-10-11 11:10:27,088 MDT INFO   log.monitoring 1155 [ebx-memorySupervisor] ,4096,1577,304,190,0,
2021-10-11 11:10:37,092 MDT INFO   log.monitoring 1155 [ebx-memorySupervisor] ,4096,1577,314,187,0,
2021-10-11 11:10:47,095 MDT INFO   log.monitoring 1155 [ebx-memorySupervisor] ,4096,1577,331,278,0,
2021-10-11 11:10:57,096 MDT INFO   log.monitoring 1155 [ebx-memorySupervisor] ,4096,1577,442,204,0,
2021-10-11 11:11:07,100 MDT INFO   log.monitoring 1155 [ebx-memorySupervisor] ,4096,1577,533,282,0,
2021-10-11 11:11:17,104 MDT INFO   log.monitoring 1155 [ebx-memorySupervisor] ,4096,1577,451,254,0,
2021-10-11 11:11:27,110 MDT INFO   log.monitoring 1155 [ebx-memorySupervisor] ,4096,1577,396,238,0,
2021-10-11 11:11:37,115 MDT INFO   log.monitoring 1155 [ebx-memorySupervisor] ,4096,1577,571,210,0,
2021-10-11 11:11:47,121 MDT INFO   log.monitoring 1155 [ebx-memorySupervisor] ,4096,1577,513,236,0,
2021-10-11 11:11:57,121 MDT INFO   log.monitoring 1155 [ebx-memorySupervisor] ,4096,1577,434,204,0,
2021-10-11 11:12:07,123 MDT INFO   log.monitoring 1155 [ebx-memorySupervisor] ,4096,1577,251,205,0,
2021-10-11 11:12:17,126 MDT INFO   log.monitoring 1155 [ebx-memorySupervisor] ,4096,1577,259,208,0,
2021-10-11 11:12:27,130 MDT INFO   log.monitoring 1155 [ebx-memorySupervisor] ,4096,1577,263,266,0,
2021-10-11 11:12:37,133 MDT INFO   log.monitoring 1155 [ebx-memorySupervisor] ,4096,1577,499,207,0,
2021-10-11 11:12:47,133 MDT INFO   log.monitoring 1155 [ebx-memorySupervisor] ,4096,1577,307,209,0,
2021-10-11 11:12:57,138 MDT INFO   log.monitoring 1155 [ebx-memorySupervisor] ,4096,1577,492,209,0,
2021-10-11 11:13:07,143 MDT INFO   log.monitoring 1155 [ebx-memorySupervisor] ,4096,1577,188,299,0,
2021-10-11 11:13:17,146 MDT INFO   log.monitoring 1155 [ebx-memorySupervisor] ,4096,1577,197,215,0,
2021-10-11 11:13:27,151 MDT INFO   log.monitoring 1155 [ebx-memorySupervisor] ,4096,1577,204,214,0,
2021-10-11 11:13:37,154 MDT INFO   log.monitoring 1155 [ebx-memorySupervisor] ,4096,1577,333,245,0,
2021-10-11 11:13:47,159 MDT INFO   log.monitoring 1155 [ebx-memorySupervisor] ,4096,1577,400,221,0,
2021-10-11 11:13:57,164 MDT INFO   log.monitoring 1155 [ebx-memorySupervisor] ,4096,1577,324,247,0,
2021-10-11 11:14:07,169 MDT INFO   log.monitoring 1155 [ebx-memorySupervisor] ,4096,1577,187,232,0,
2021-10-11 11:14:17,172 MDT INFO   log.monitoring 1155 [ebx-memorySupervisor] ,4096,1577,331,225,0,
2021-10-11 11:14:27,178 MDT INFO   log.monitoring 1155 [ebx-memorySupervisor] ,4096,1577,225,227,0,
2021-10-11 11:14:37,183 MDT INFO   log.monitoring 1155 [ebx-memorySupervisor] ,4096,1577,224,227,0,
2021-10-11 11:14:47,188 MDT INFO   log.monitoring 1155 [ebx-memorySupervisor] ,4096,1577,186,227,0,
2021-10-11 11:14:57,193 MDT INFO   log.monitoring 1155 [ebx-memorySupervisor] ,4096,1577,197,263,0,
2021-10-11 11:15:07,196 MDT INFO   log.monitoring 1155 [ebx-memorySupervisor] ,4096,1577,302,230,0,
2021-10-11 11:15:17,199 MDT INFO   log.monitoring 1155 [ebx-memorySupervisor] ,4096,1577,220,230,0,
2021-10-11 11:15:27,205 MDT INFO   log.monitoring 1155 [ebx-memorySupervisor] ,4096,1577,291,232,0,
2021-10-11 11:15:37,209 MDT INFO   log.monitoring 1155 [ebx-memorySupervisor] ,4096,1577,250,233,0,
2021-10-11 11:15:47,212 MDT INFO   log.monitoring 1155 [ebx-memorySupervisor] ,4096,1577,239,234,0,
2021-10-11 11:15:57,233 MDT INFO   log.monitoring 1155 [ebx-memorySupervisor] ,4096,1577,211,234,0,
2021-10-11 11:16:07,238 MDT INFO   log.monitoring 1155 [ebx-memorySupervisor] ,4096,1577,209,234,0,
2021-10-11 11:16:17,243 MDT INFO   log.monitoring 1155 [ebx-memorySupervisor] ,4096,1577,207,234,0,
2021-10-11 11:16:27,246 MDT INFO   log.monitoring 1155 [ebx-memorySupervisor] ,4096,1577,205,234,0,
2021-10-11 11:16:37,252 MDT INFO   log.monitoring 1155 [ebx-memorySupervisor] ,4096,1577,203,234,0,
2021-10-11 11:16:47,256 MDT INFO   log.monitoring 1155 [ebx-memorySupervisor] ,4096,1577,200,234,0,
2021-10-11 11:16:57,261 MDT INFO   log.monitoring 1155 [ebx-memorySupervisor] ,4096,1577,199,234,0,
2021-10-11 11:17:07,266 MDT INFO   log.monitoring 1155 [ebx-memorySupervisor] ,4096,1577,198,234,0,
2021-10-11 11:17:17,272 MDT INFO   log.monitoring 1155 [ebx-memorySupervisor] ,4096,1577,197,234,0,
2021-10-11 11:17:27,277 MDT INFO   log.monitoring 1155 [ebx-memorySupervisor] ,4096,1577,195,234,0,
2021-10-11 11:17:37,280 MDT INFO   log.monitoring 1155 [ebx-memorySupervisor] ,4096,1577,194,234,0,
2021-10-11 11:17:47,281 MDT INFO   log.monitoring 1155 [ebx-memorySupervisor] ,4096,1577,192,234,0,
2021-10-11 11:17:57,286 MDT INFO   log.monitoring 1155 [ebx-memorySupervisor] ,4096,1577,190,234,0,
2021-10-11 11:18:07,291 MDT INFO   log.monitoring 1155 [ebx-memorySupervisor] ,4096,1577,188,234,0,
2021-10-11 11:18:17,296 MDT INFO   log.monitoring 1155 [ebx-memorySupervisor] ,4096,1577,187,234,0,
2021-10-11 11:18:27,302 MDT INFO   log.monitoring 1155 [ebx-memorySupervisor] ,4096,1577,186,234,0,
2021-10-11 11:18:37,307 MDT INFO   log.monitoring 1155 [ebx-memorySupervisor] ,4096,1577,184,234,0,
2021-10-11 11:18:47,311 MDT INFO   log.monitoring 1155 [ebx-memorySupervisor] ,4096,1577,182,234,0,
2021-10-11 11:18:57,315 MDT INFO   log.monitoring 1155 [ebx-memorySupervisor] ,4096,1577,180,234,0,
2021-10-11 11:19:07,320 MDT INFO   log.monitoring 1155 [ebx-memorySupervisor] ,4096,1577,178,234,0,
2021-10-11 11:19:17,324 MDT INFO   log.monitoring 1155 [ebx-memorySupervisor] ,4096,1577,176,234,0,
2021-10-11 11:19:27,325 MDT INFO   log.monitoring 1155 [ebx-memorySupervisor] ,4096,1577,175,234,0,
2021-10-11 11:19:37,328 MDT INFO   log.monitoring 1155 [ebx-memorySupervisor] ,4096,1577,174,234,0,
2021-10-11 11:19:47,332 MDT INFO   log.monitoring 1155 [ebx-memorySupervisor] ,4096,1577,173,234,0,
2021-10-11 11:19:57,334 MDT INFO   log.monitoring 1155 [ebx-memorySupervisor] ,4096,1577,171,234,0,
2021-10-11 11:20:07,338 MDT INFO   log.monitoring 1155 [ebx-memorySupervisor] ,4096,1577,169,234,0,
2021-10-11 11:20:17,344 MDT INFO   log.monitoring 1155 [ebx-memorySupervisor] ,4096,1577,168,234,0,
2021-10-11 11:20:27,348 MDT INFO   log.monitoring 1155 [ebx-memorySupervisor] ,4096,1577,244,234,0,
2021-10-11 11:20:37,347 MDT INFO   log.monitoring 1155 [ebx-memorySupervisor] ,4096,1577,243,234,0,
2021-10-11 11:20:47,338 MDT INFO   log.monitoring 1155 [ebx-memorySupervisor] ,4096,1577,240,234,0,
2021-10-11 11:20:57,337 MDT INFO   log.monitoring 1155 [ebx-memorySupervisor] ,4096,1577,239,234,0,
2021-10-11 11:21:07,338 MDT INFO   log.monitoring 1155 [ebx-memorySupervisor] ,4096,1577,238,234,0,
2021-10-11 11:21:17,337 MDT INFO   log.monitoring 1155 [ebx-memorySupervisor] ,4096,1577,237,234,0,
2021-10-11 11:21:27,339 MDT INFO   log.monitoring 1155 [ebx-memorySupervisor] ,4096,1577,236,234,0,
2021-10-11 11:21:37,344 MDT INFO   log.monitoring 1155 [ebx-memorySupervisor] ,4096,1577,235,234,0,
2021-10-11 11:21:47,348 MDT INFO   log.monitoring 1155 [ebx-memorySupervisor] ,4096,1577,234,234,0,
2021-10-11 11:21:57,351 MDT INFO   log.monitoring 1155 [ebx-memorySupervisor] ,4096,1577,233,234,0,
2021-10-11 11:22:17,362 MDT INFO   log.monitoring 1155 [ebx-memorySupervisor] ,4096,1577,232,234,0,
2021-10-11 11:22:27,366 MDT INFO   log.monitoring 1155 [ebx-memorySupervisor] ,4096,1577,231,234,0,
2021-10-11 11:22:37,369 MDT INFO   log.monitoring 1155 [ebx-memorySupervisor] ,4096,1577,230,234,0,
2021-10-11 11:22:57,376 MDT INFO   log.monitoring 1155 [ebx-memorySupervisor] ,4096,1577,229,234,0,
2021-10-11 11:23:07,382 MDT INFO   log.monitoring 1155 [ebx-memorySupervisor] ,4096,1577,228,234,0,
2021-10-11 11:23:17,384 MDT INFO   log.monitoring 1155 [ebx-memorySupervisor] ,4096,1577,226,234,0,
2021-10-11 11:23:37,388 MDT INFO   log.monitoring 1155 [ebx-memorySupervisor] ,4096,1577,226,235,0,
2021-10-11 11:23:47,394 MDT INFO   log.monitoring 1155 [ebx-memorySupervisor] ,4096,1577,230,272,0,
2021-10-11 11:23:57,399 MDT INFO   log.monitoring 1155 [ebx-memorySupervisor] ,4096,1577,160,273,0,
2021-10-11 11:24:07,402 MDT INFO   log.monitoring 1155 [ebx-memorySupervisor] ,4096,1577,410,174,0,
2021-10-11 11:24:17,407 MDT INFO   log.monitoring 1155 [ebx-memorySupervisor] ,4096,1577,838,214,0,
2021-10-11 11:24:27,412 MDT INFO   log.monitoring 1155 [ebx-memorySupervisor] ,4096,1577,340,270,0,
2021-10-11 11:24:37,417 MDT INFO   log.monitoring 1155 [ebx-memorySupervisor] ,4096,1577,579,271,0,
2021-10-11 11:24:47,421 MDT INFO   log.monitoring 1155 [ebx-memorySupervisor] ,4096,1577,409,274,0,
2021-10-11 11:24:57,434 MDT INFO   log.monitoring 1155 [ebx-memorySupervisor] ,4096,1577,883,272,0,
2021-10-11 11:25:07,437 MDT INFO   log.monitoring 1155 [ebx-memorySupervisor] ,4096,1577,725,181,0,
2021-10-11 11:25:17,442 MDT INFO   log.monitoring 1155 [ebx-memorySupervisor] ,4096,1577,492,180,0,
2021-10-11 11:25:27,446 MDT INFO   log.monitoring 1155 [ebx-memorySupervisor] ,4096,1577,706,211,0,
2021-10-11 11:25:37,452 MDT INFO   log.monitoring 1155 [ebx-memorySupervisor] ,4096,1577,555,217,0,
2021-10-11 11:25:47,456 MDT INFO   log.monitoring 1155 [ebx-memorySupervisor] ,4096,1577,553,217,0,
2021-10-11 11:25:57,460 MDT INFO   log.monitoring 1155 [ebx-memorySupervisor] ,4096,1577,551,217,0,
2021-10-11 11:26:07,462 MDT INFO   log.monitoring 1155 [ebx-memorySupervisor] ,4096,1577,550,217,0,
2021-10-11 11:26:17,466 MDT INFO   log.monitoring 1155 [ebx-memorySupervisor] ,4096,1577,549,217,0,
2021-10-11 11:26:27,467 MDT INFO   log.monitoring 1155 [ebx-memorySupervisor] ,4096,1577,547,217,0,
2021-10-11 11:26:37,471 MDT INFO   log.monitoring 1155 [ebx-memorySupervisor] ,4096,1577,498,218,0,
2021-10-11 11:26:47,476 MDT INFO   log.monitoring 1155 [ebx-memorySupervisor] ,4096,1577,478,218,0,
2021-10-11 11:26:57,478 MDT INFO   log.monitoring 1155 [ebx-memorySupervisor] ,4096,1577,450,218,0,
2021-10-11 11:27:07,479 MDT INFO   log.monitoring 1155 [ebx-memorySupervisor] ,4096,1577,449,218,0,
2021-10-11 11:27:17,485 MDT INFO   log.monitoring 1155 [ebx-memorySupervisor] ,4096,1577,448,218,0,
2021-10-11 11:27:37,489 MDT INFO   log.monitoring 1155 [ebx-memorySupervisor] ,4096,1577,447,218,0,
2021-10-11 11:27:47,491 MDT INFO   log.monitoring 1155 [ebx-memorySupervisor] ,4096,1577,446,218,0,
2021-10-11 11:27:57,495 MDT INFO   log.monitoring 1155 [ebx-memorySupervisor] ,4096,1577,445,218,0,
2021-10-11 11:28:07,499 MDT INFO   log.monitoring 1155 [ebx-memorySupervisor] ,4096,1577,443,218,0,
2021-10-11 11:28:17,500 MDT INFO   log.monitoring 1155 [ebx-memorySupervisor] ,4096,1577,442,218,0,
2021-10-11 11:28:27,504 MDT INFO   log.monitoring 1155 [ebx-memorySupervisor] ,4096,1577,441,218,0,
2021-10-11 11:28:37,509 MDT INFO   log.monitoring 1155 [ebx-memorySupervisor] ,4096,1577,440,218,0,
2021-10-11 11:28:47,514 MDT INFO   log.monitoring 1155 [ebx-memorySupervisor] ,4096,1577,439,218,0,
2021-10-11 11:28:57,519 MDT INFO   log.monitoring 1155 [ebx-memorySupervisor] ,4096,1577,438,218,0,
2021-10-11 11:29:07,523 MDT INFO   log.monitoring 1155 [ebx-memorySupervisor] ,4096,1577,436,218,0,
2021-10-11 11:29:17,529 MDT INFO   log.monitoring 1155 [ebx-memorySupervisor] ,4096,1577,433,218,0,
2021-10-11 11:29:27,532 MDT INFO   log.monitoring 1155 [ebx-memorySupervisor] ,4096,1577,431,218,0,
2021-10-11 11:29:37,533 MDT INFO   log.monitoring 1155 [ebx-memorySupervisor] ,4096,1577,429,218,0,
2021-10-11 11:29:47,538 MDT INFO   log.monitoring 1155 [ebx-memorySupervisor] ,4096,1577,428,218,0,
2021-10-11 11:29:57,543 MDT INFO   log.monitoring 1155 [ebx-memorySupervisor] ,4096,1577,425,218,0,
2021-10-11 11:30:07,548 MDT INFO   log.monitoring 1155 [ebx-memorySupervisor] ,4096,1577,424,218,0,
2021-10-11 11:30:17,553 MDT INFO   log.monitoring 1155 [ebx-memorySupervisor] ,4096,1577,420,218,0,
2021-10-11 11:30:27,557 MDT INFO   log.monitoring 1155 [ebx-memorySupervisor] ,4096,1577,418,218,0,
2021-10-11 11:30:37,560 MDT INFO   log.monitoring 1155 [ebx-memorySupervisor] ,4096,1577,417,218,0,
2021-10-11 11:30:47,564 MDT INFO   log.monitoring 1155 [ebx-memorySupervisor] ,4096,1577,416,218,0,
2021-10-11 11:30:57,570 MDT INFO   log.monitoring 1155 [ebx-memorySupervisor] ,4096,1577,415,218,0,
2021-10-11 11:31:07,573 MDT INFO   log.monitoring 1155 [ebx-memorySupervisor] ,4096,1577,700,214,0,
2021-10-11 11:31:17,574 MDT INFO   log.monitoring 1155 [ebx-memorySupervisor] ,4096,1577,697,214,0,
2021-10-11 11:31:27,580 MDT INFO   log.monitoring 1155 [ebx-memorySupervisor] ,4096,1577,694,214,0,
2021-10-11 11:31:37,584 MDT INFO   log.monitoring 1155 [ebx-memorySupervisor] ,4096,1577,557,216,0,
2021-10-11 11:31:47,587 MDT INFO   log.monitoring 1155 [ebx-memorySupervisor] ,4096,1577,361,217,0,
2021-10-11 11:31:57,590 MDT INFO   log.monitoring 1155 [ebx-memorySupervisor] ,4096,1577,360,217,0,
2021-10-11 11:32:07,595 MDT INFO   log.monitoring 1155 [ebx-memorySupervisor] ,4096,1577,764,219,0,
2021-10-11 11:32:17,601 MDT INFO   log.monitoring 1155 [ebx-memorySupervisor] ,4096,1577,566,220,0,
2021-10-11 11:32:27,604 MDT INFO   log.monitoring 1155 [ebx-memorySupervisor] ,4096,1577,503,320,0,
2021-10-11 11:32:37,609 MDT INFO   log.monitoring 1155 [ebx-memorySupervisor] ,4096,1577,672,219,0,
2021-10-11 11:32:47,615 MDT INFO   log.monitoring 1155 [ebx-memorySupervisor] ,4096,1577,726,219,0,
2021-10-11 11:32:57,620 MDT INFO   log.monitoring 1155 [ebx-memorySupervisor] ,4096,1577,589,261,0,
2021-10-11 11:33:07,624 MDT INFO   log.monitoring 1155 [ebx-memorySupervisor] ,4096,1577,587,261,0,
2021-10-11 11:33:17,628 MDT INFO   log.monitoring 1155 [ebx-memorySupervisor] ,4096,1577,586,261,0,
2021-10-11 11:33:27,634 MDT INFO   log.monitoring 1155 [ebx-memorySupervisor] ,4096,1577,584,261,0,
2021-10-11 11:33:37,639 MDT INFO   log.monitoring 1155 [ebx-memorySupervisor] ,4096,1577,583,261,0,
2021-10-11 11:33:47,643 MDT INFO   log.monitoring 1155 [ebx-memorySupervisor] ,4096,1577,582,261,0,
2021-10-11 11:33:57,648 MDT INFO   log.monitoring 1155 [ebx-memorySupervisor] ,4096,1577,581,261,0,
2021-10-11 11:34:07,652 MDT INFO   log.monitoring 1155 [ebx-memorySupervisor] ,4096,1577,580,261,0,
2021-10-11 11:34:27,658 MDT INFO   log.monitoring 1155 [ebx-memorySupervisor] ,4096,1577,579,261,0,
2021-10-11 11:34:37,662 MDT INFO   log.monitoring 1155 [ebx-memorySupervisor] ,4096,1577,577,261,0,
2021-10-11 11:34:57,670 MDT INFO   log.monitoring 1155 [ebx-memorySupervisor] ,4096,1577,576,261,0,
2021-10-11 11:35:07,675 MDT INFO   log.monitoring 1155 [ebx-memorySupervisor] ,4096,1577,575,261,0,
2021-10-11 11:35:17,682 MDT INFO   log.monitoring 1155 [ebx-memorySupervisor] ,4096,1577,574,261,0,
2021-10-11 11:35:37,690 MDT INFO   log.monitoring 1155 [ebx-memorySupervisor] ,4096,1577,573,261,0,
2021-10-11 11:35:47,694 MDT INFO   log.monitoring 1155 [ebx-memorySupervisor] ,4096,1577,572,261,0,
2021-10-11 11:35:57,698 MDT INFO   log.monitoring 1155 [ebx-memorySupervisor] ,4096,1577,569,261,0,
2021-10-11 11:36:07,703 MDT INFO   log.monitoring 1155 [ebx-memorySupervisor] ,4096,1577,568,261,0,
2021-10-11 11:36:17,707 MDT INFO   log.monitoring 1155 [ebx-memorySupervisor] ,4096,1577,567,261,0,
2021-10-11 11:36:27,711 MDT INFO   log.monitoring 1155 [ebx-memorySupervisor] ,4096,1577,565,261,0,
2021-10-11 11:36:37,712 MDT INFO   log.monitoring 1155 [ebx-memorySupervisor] ,4096,1577,564,261,0,
2021-10-11 11:36:47,717 MDT INFO   log.monitoring 1155 [ebx-memorySupervisor] ,4096,1577,563,261,0,
2021-10-11 11:36:57,722 MDT INFO   log.monitoring 1155 [ebx-memorySupervisor] ,4096,1577,562,261,0,
2021-10-11 11:37:07,727 MDT INFO   log.monitoring 1155 [ebx-memorySupervisor] ,4096,1577,560,261,0,
2021-10-11 11:37:27,708 MDT INFO   log.monitoring 1155 [ebx-memorySupervisor] ,4096,1577,559,261,0,
2021-10-11 11:37:37,702 MDT INFO   log.monitoring 1155 [ebx-memorySupervisor] ,4096,1577,558,261,0,
2021-10-11 11:37:47,698 MDT INFO   log.monitoring 1155 [ebx-memorySupervisor] ,4096,1577,555,261,0,
2021-10-11 11:37:57,700 MDT INFO   log.monitoring 1155 [ebx-memorySupervisor] ,4096,1577,552,261,0,
2021-10-11 11:38:17,699 MDT INFO   log.monitoring 1155 [ebx-memorySupervisor] ,4096,1577,551,261,0,
2021-10-11 11:38:27,704 MDT INFO   log.monitoring 1155 [ebx-memorySupervisor] ,4096,1577,549,261,0,
2021-10-11 11:38:37,707 MDT INFO   log.monitoring 1155 [ebx-memorySupervisor] ,4096,1577,548,261,0,
2021-10-11 11:38:57,715 MDT INFO   log.monitoring 1155 [ebx-memorySupervisor] ,4096,1577,547,261,0,
2021-10-11 11:39:07,720 MDT INFO   log.monitoring 1155 [ebx-memorySupervisor] ,4096,1577,546,261,0,
2021-10-11 11:39:17,724 MDT INFO   log.monitoring 1155 [ebx-memorySupervisor] ,4096,1577,545,261,0,
2021-10-11 11:39:27,729 MDT INFO   log.monitoring 1155 [ebx-memorySupervisor] ,4096,1577,544,261,0,
2021-10-11 11:39:37,733 MDT INFO   log.monitoring 1155 [ebx-memorySupervisor] ,4096,1577,543,261,0,
2021-10-11 11:39:47,738 MDT INFO   log.monitoring 1155 [ebx-memorySupervisor] ,4096,1577,542,261,0,
2021-10-11 11:39:57,742 MDT INFO   log.monitoring 1155 [ebx-memorySupervisor] ,4096,1577,541,261,0,
2021-10-11 11:40:07,744 MDT INFO   log.monitoring 1155 [ebx-memorySupervisor] ,4096,1577,540,261,0,
2021-10-11 11:40:17,748 MDT INFO   log.monitoring 1155 [ebx-memorySupervisor] ,4096,1577,539,261,0,
2021-10-11 11:40:27,752 MDT INFO   log.monitoring 1155 [ebx-memorySupervisor] ,4096,1577,538,261,0,
2021-10-11 11:40:37,758 MDT INFO   log.monitoring 1155 [ebx-memorySupervisor] ,4096,1577,537,261,0,
2021-10-11 11:40:47,763 MDT INFO   log.monitoring 1155 [ebx-memorySupervisor] ,4096,1577,536,261,0,
2021-10-11 11:40:57,765 MDT INFO   log.monitoring 1155 [ebx-memorySupervisor] ,4096,1577,535,261,0,
2021-10-11 11:41:07,770 MDT INFO   log.monitoring 1155 [ebx-memorySupervisor] ,4096,1577,534,261,0,
2021-10-11 11:41:17,774 MDT INFO   log.monitoring 1155 [ebx-memorySupervisor] ,4096,1577,533,261,0,
2021-10-11 11:41:27,775 MDT INFO   log.monitoring 1155 [ebx-memorySupervisor] ,4096,1577,532,261,0,
2021-10-11 11:41:47,784 MDT INFO   log.monitoring 1155 [ebx-memorySupervisor] ,4096,1577,530,261,0,
2021-10-11 11:41:57,789 MDT INFO   log.monitoring 1155 [ebx-memorySupervisor] ,4096,1577,528,261,0,
2021-10-11 11:42:07,790 MDT INFO   log.monitoring 1155 [ebx-memorySupervisor] ,4096,1577,527,261,0,
2021-10-11 11:42:17,795 MDT INFO   log.monitoring 1155 [ebx-memorySupervisor] ,4096,1577,526,261,0,
2021-10-11 11:42:27,799 MDT INFO   log.monitoring 1155 [ebx-memorySupervisor] ,4096,1577,525,261,0,
2021-10-11 11:42:37,804 MDT INFO   log.monitoring 1155 [ebx-memorySupervisor] ,4096,1577,524,261,0,
2021-10-11 11:42:57,812 MDT INFO   log.monitoring 1155 [ebx-memorySupervisor] ,4096,1577,523,261,0,
2021-10-11 11:43:07,817 MDT INFO   log.monitoring 1155 [ebx-memorySupervisor] ,4096,1577,522,261,0,
2021-10-11 11:43:17,822 MDT INFO   log.monitoring 1155 [ebx-memorySupervisor] ,4096,1577,521,261,0,
2021-10-11 11:43:27,826 MDT INFO   log.monitoring 1155 [ebx-memorySupervisor] ,4096,1577,520,261,0,
2021-10-11 11:43:37,830 MDT INFO   log.monitoring 1155 [ebx-memorySupervisor] ,4096,1577,519,261,0,
2021-10-11 11:43:47,834 MDT INFO   log.monitoring 1155 [ebx-memorySupervisor] ,4096,1577,518,261,0,
2021-10-11 11:43:57,838 MDT INFO   log.monitoring 1155 [ebx-memorySupervisor] ,4096,1577,517,261,0,
2021-10-11 11:44:07,843 MDT INFO   log.monitoring 1155 [ebx-memorySupervisor] ,4096,1577,516,261,0,
2021-10-11 11:44:17,846 MDT INFO   log.monitoring 1155 [ebx-memorySupervisor] ,4096,1577,515,261,0,
2021-10-11 11:44:37,855 MDT INFO   log.monitoring 1155 [ebx-memorySupervisor] ,4096,1577,514,261,0,
2021-10-11 11:44:47,857 MDT INFO   log.monitoring 1155 [ebx-memorySupervisor] ,4096,1577,512,261,0,
2021-10-11 11:44:57,862 MDT INFO   log.monitoring 1155 [ebx-memorySupervisor] ,4096,1577,511,261,0,
2021-10-11 11:45:07,867 MDT INFO   log.monitoring 1155 [ebx-memorySupervisor] ,4096,1577,510,261,0,
2021-10-11 11:45:17,872 MDT INFO   log.monitoring 1155 [ebx-memorySupervisor] ,4096,1577,507,261,0,
2021-10-11 11:45:37,880 MDT INFO   log.monitoring 1155 [ebx-memorySupervisor] ,4096,1577,506,261,0,
2021-10-11 11:45:47,886 MDT INFO   log.monitoring 1155 [ebx-memorySupervisor] ,4096,1577,505,261,0,
2021-10-11 11:45:57,892 MDT INFO   log.monitoring 1155 [ebx-memorySupervisor] ,4096,1577,502,261,0,
2021-10-11 11:46:07,897 MDT INFO   log.monitoring 1155 [ebx-memorySupervisor] ,4096,1577,501,261,0,
2021-10-11 11:46:17,900 MDT INFO   log.monitoring 1155 [ebx-memorySupervisor] ,4096,1577,500,261,0,
2021-10-11 11:46:27,905 MDT INFO   log.monitoring 1155 [ebx-memorySupervisor] ,4096,1577,499,261,0,
2021-10-11 11:46:37,910 MDT INFO   log.monitoring 1155 [ebx-memorySupervisor] ,4096,1577,498,261,0,
2021-10-11 11:46:47,911 MDT INFO   log.monitoring 1155 [ebx-memorySupervisor] ,4096,1577,497,261,0,
2021-10-11 11:46:57,917 MDT INFO   log.monitoring 1155 [ebx-memorySupervisor] ,4096,1577,496,261,0,
2021-10-11 11:47:07,920 MDT INFO   log.monitoring 1155 [ebx-memorySupervisor] ,4096,1577,495,261,0,
2021-10-11 11:47:17,926 MDT INFO   log.monitoring 1155 [ebx-memorySupervisor] ,4096,1577,494,261,0,
2021-10-11 11:47:27,931 MDT INFO   log.monitoring 1155 [ebx-memorySupervisor] ,4096,1577,493,261,0,
2021-10-11 11:47:47,942 MDT INFO   log.monitoring 1155 [ebx-memorySupervisor] ,4096,1577,492,261,0,
2021-10-11 11:47:57,944 MDT INFO   log.monitoring 1155 [ebx-memorySupervisor] ,4096,1577,490,261,0,
2021-10-11 11:48:07,946 MDT INFO   log.monitoring 1155 [ebx-memorySupervisor] ,4096,1577,489,261,0,
2021-10-11 11:48:17,950 MDT INFO   log.monitoring 1155 [ebx-memorySupervisor] ,4096,1577,488,261,0,
2021-10-11 11:48:27,954 MDT INFO   log.monitoring 1155 [ebx-memorySupervisor] ,4096,1577,487,261,0,
2021-10-11 11:48:37,959 MDT INFO   log.monitoring 1155 [ebx-memorySupervisor] ,4096,1577,486,261,0,
2021-10-11 11:48:47,965 MDT INFO   log.monitoring 1155 [ebx-memorySupervisor] ,4096,1577,485,261,0,
2021-10-11 11:48:57,971 MDT INFO   log.monitoring 1155 [ebx-memorySupervisor] ,4096,1577,484,261,0,
2021-10-11 11:49:07,976 MDT INFO   log.monitoring 1155 [ebx-memorySupervisor] ,4096,1577,483,261,0,
2021-10-11 11:49:17,980 MDT INFO   log.monitoring 1155 [ebx-memorySupervisor] ,4096,1577,482,261,0,
2021-10-11 11:49:37,986 MDT INFO   log.monitoring 1155 [ebx-memorySupervisor] ,4096,1577,481,261,0,
2021-10-11 11:49:47,991 MDT INFO   log.monitoring 1155 [ebx-memorySupervisor] ,4096,1577,480,261,0,
2021-10-11 11:49:57,996 MDT INFO   log.monitoring 1155 [ebx-memorySupervisor] ,4096,1577,478,261,0,
2021-10-11 11:50:07,999 MDT INFO   log.monitoring 1155 [ebx-memorySupervisor] ,4096,1577,477,261,0,
2021-10-11 11:50:28,006 MDT INFO   log.monitoring 1155 [ebx-memorySupervisor] ,4096,1577,476,261,0,
2021-10-11 11:50:38,011 MDT INFO   log.monitoring 1155 [ebx-memorySupervisor] ,4096,1577,475,261,0,
2021-10-11 11:50:48,017 MDT INFO   log.monitoring 1155 [ebx-memorySupervisor] ,4096,1577,474,261,0,
2021-10-11 11:50:58,019 MDT INFO   log.monitoring 1155 [ebx-memorySupervisor] ,4096,1577,473,261,0,
2021-10-11 11:51:08,024 MDT INFO   log.monitoring 1155 [ebx-memorySupervisor] ,4096,1577,471,261,0,
2021-10-11 11:51:18,029 MDT INFO   log.monitoring 1155 [ebx-memorySupervisor] ,4096,1577,470,261,0,
2021-10-11 11:51:28,035 MDT INFO   log.monitoring 1155 [ebx-memorySupervisor] ,4096,1577,469,261,0,
2021-10-11 11:51:48,044 MDT INFO   log.monitoring 1155 [ebx-memorySupervisor] ,4096,1577,468,261,0,
2021-10-11 11:51:58,048 MDT INFO   log.monitoring 1155 [ebx-memorySupervisor] ,4096,1577,467,261,0,
2021-10-11 11:52:08,054 MDT INFO   log.monitoring 1155 [ebx-memorySupervisor] ,4096,1577,466,261,0,
2021-10-11 11:52:18,056 MDT INFO   log.monitoring 1155 [ebx-memorySupervisor] ,4096,1577,465,261,0,
2021-10-11 11:52:28,061 MDT INFO   log.monitoring 1155 [ebx-memorySupervisor] ,4096,1577,464,261,0,
2021-10-11 11:52:38,064 MDT INFO   log.monitoring 1155 [ebx-memorySupervisor] ,4096,1577,463,261,0,
2021-10-11 11:52:48,069 MDT INFO   log.monitoring 1155 [ebx-memorySupervisor] ,4096,1577,462,261,0,
2021-10-11 11:52:58,073 MDT INFO   log.monitoring 1155 [ebx-memorySupervisor] ,4096,1577,461,261,0,
2021-10-11 11:53:08,078 MDT INFO   log.monitoring 1155 [ebx-memorySupervisor] ,4096,1577,460,261,0,
2021-10-11 11:53:18,083 MDT INFO   log.monitoring 1155 [ebx-memorySupervisor] ,4096,1577,459,261,0,
2021-10-11 11:53:28,084 MDT INFO   log.monitoring 1155 [ebx-memorySupervisor] ,4096,1577,458,261,0,
2021-10-11 11:53:38,088 MDT INFO   log.monitoring 1155 [ebx-memorySupervisor] ,4096,1577,457,261,0,
2021-10-11 11:53:48,091 MDT INFO   log.monitoring 1155 [ebx-memorySupervisor] ,4096,1577,456,261,0,
2021-10-11 11:53:58,095 MDT INFO   log.monitoring 1155 [ebx-memorySupervisor] ,4096,1577,455,261,0,
2021-10-11 11:54:08,090 MDT INFO   log.monitoring 1155 [ebx-memorySupervisor] ,4096,1577,454,261,0,
2021-10-11 11:54:18,085 MDT INFO   log.monitoring 1155 [ebx-memorySupervisor] ,4096,1577,452,261,0,
2021-10-11 11:54:28,086 MDT INFO   log.monitoring 1155 [ebx-memorySupervisor] ,4096,1577,451,261,0,
2021-10-11 11:54:48,090 MDT INFO   log.monitoring 1155 [ebx-memorySupervisor] ,4096,1577,450,261,0,
2021-10-11 11:54:58,095 MDT INFO   log.monitoring 1155 [ebx-memorySupervisor] ,4096,1577,449,261,0,
2021-10-11 11:55:18,102 MDT INFO   log.monitoring 1155 [ebx-memorySupervisor] ,4096,1577,448,261,0,
2021-10-11 11:55:28,104 MDT INFO   log.monitoring 1155 [ebx-memorySupervisor] ,4096,1577,446,261,0,
2021-10-11 11:55:38,109 MDT INFO   log.monitoring 1155 [ebx-memorySupervisor] ,4096,1577,445,261,0,
2021-10-11 11:55:48,114 MDT INFO   log.monitoring 1155 [ebx-memorySupervisor] ,4096,1577,444,261,0,
2021-10-11 11:55:58,118 MDT INFO   log.monitoring 1155 [ebx-memorySupervisor] ,4096,1577,442,261,0,
2021-10-11 11:56:08,121 MDT INFO   log.monitoring 1155 [ebx-memorySupervisor] ,4096,1577,440,261,0,
2021-10-11 11:56:18,121 MDT INFO   log.monitoring 1155 [ebx-memorySupervisor] ,4096,1577,439,261,0,
2021-10-11 11:56:28,127 MDT INFO   log.monitoring 1155 [ebx-memorySupervisor] ,4096,1577,438,261,0,
2021-10-11 11:56:38,132 MDT INFO   log.monitoring 1155 [ebx-memorySupervisor] ,4096,1577,437,261,0,
2021-10-11 11:56:48,136 MDT INFO   log.monitoring 1155 [ebx-memorySupervisor] ,4096,1577,436,261,0,
2021-10-11 11:56:58,140 MDT INFO   log.monitoring 1155 [ebx-memorySupervisor] ,4096,1577,435,261,0,
2021-10-11 11:57:08,144 MDT INFO   log.monitoring 1155 [ebx-memorySupervisor] ,4096,1577,434,261,0,
2021-10-11 11:57:18,149 MDT INFO   log.monitoring 1155 [ebx-memorySupervisor] ,4096,1577,433,261,0,
2021-10-11 11:57:28,153 MDT INFO   log.monitoring 1155 [ebx-memorySupervisor] ,4096,1577,432,261,0,
2021-10-11 11:57:38,158 MDT INFO   log.monitoring 1155 [ebx-memorySupervisor] ,4096,1577,431,261,0,
2021-10-11 11:57:58,165 MDT INFO   log.monitoring 1155 [ebx-memorySupervisor] ,4096,1577,430,261,0,
2021-10-11 11:58:08,170 MDT INFO   log.monitoring 1155 [ebx-memorySupervisor] ,4096,1577,429,261,0,
2021-10-11 11:58:18,175 MDT INFO   log.monitoring 1155 [ebx-memorySupervisor] ,4096,1577,428,261,0,
2021-10-11 11:58:38,185 MDT INFO   log.monitoring 1155 [ebx-memorySupervisor] ,4096,1577,427,261,0,
2021-10-11 11:58:48,186 MDT INFO   log.monitoring 1155 [ebx-memorySupervisor] ,4096,1577,425,261,0,
2021-10-11 11:58:58,190 MDT INFO   log.monitoring 1155 [ebx-memorySupervisor] ,4096,1577,424,261,0,
2021-10-11 11:59:08,195 MDT INFO   log.monitoring 1155 [ebx-memorySupervisor] ,4096,1577,423,261,0,
2021-10-11 11:59:18,200 MDT INFO   log.monitoring 1155 [ebx-memorySupervisor] ,4096,1577,422,261,0,
2021-10-11 11:59:28,204 MDT INFO   log.monitoring 1155 [ebx-memorySupervisor] ,4096,1577,420,261,0,
2021-10-11 11:59:48,211 MDT INFO   log.monitoring 1155 [ebx-memorySupervisor] ,4096,1577,418,261,0,
2021-10-11 12:00:08,220 MDT INFO   log.monitoring 1155 [ebx-memorySupervisor] ,4096,1577,416,261,0,
2021-10-11 12:00:28,229 MDT INFO   log.monitoring 1155 [ebx-memorySupervisor] ,4096,1577,415,261,0,
2021-10-11 12:00:38,233 MDT INFO   log.monitoring 1155 [ebx-memorySupervisor] ,4096,1577,414,261,0,
2021-10-11 12:00:48,238 MDT INFO   log.monitoring 1155 [ebx-memorySupervisor] ,4096,1577,413,261,0,
2021-10-11 12:00:58,241 MDT INFO   log.monitoring 1155 [ebx-memorySupervisor] ,4096,1577,412,261,0,
2021-10-11 12:01:08,244 MDT INFO   log.monitoring 1155 [ebx-memorySupervisor] ,4096,1577,411,261,0,
2021-10-11 12:01:18,249 MDT INFO   log.monitoring 1155 [ebx-memorySupervisor] ,4096,1577,410,261,0,
2021-10-11 12:01:38,258 MDT INFO   log.monitoring 1155 [ebx-memorySupervisor] ,4096,1577,408,261,0,
2021-10-11 12:01:48,264 MDT INFO   log.monitoring 1155 [ebx-memorySupervisor] ,4096,1577,407,261,0,
2021-10-11 12:01:58,268 MDT INFO   log.monitoring 1155 [ebx-memorySupervisor] ,4096,1577,406,261,0,
2021-10-11 12:02:08,274 MDT INFO   log.monitoring 1155 [ebx-memorySupervisor] ,4096,1577,405,261,0,
2021-10-11 12:02:18,279 MDT INFO   log.monitoring 1155 [ebx-memorySupervisor] ,4096,1577,404,261,0,
2021-10-11 12:02:28,284 MDT INFO   log.monitoring 1155 [ebx-memorySupervisor] ,4096,1577,403,261,0,
2021-10-11 12:02:38,284 MDT INFO   log.monitoring 1155 [ebx-memorySupervisor] ,4096,1577,402,261,0,
2021-10-11 12:02:48,289 MDT INFO   log.monitoring 1155 [ebx-memorySupervisor] ,4096,1577,401,261,0,
2021-10-11 12:02:58,294 MDT INFO   log.monitoring 1155 [ebx-memorySupervisor] ,4096,1577,398,261,0,
