2021-10-11 09:44:45,351 MDT INFO   log.persistence 1155 [localhost-startStop-1] **** Server Started (logVersion=1.4) ****
2021-10-11 09:44:46,772 MDT INFO   log.persistence 1155 [ebx-boot] Attempt #0 to take exclusive ownership of a repository apparently owned by: id=6, hostName=MacBook-Pro.local, hostAddress=127.0.0.1, mode=unique, state=Owner.
2021-10-11 09:44:47,777 MDT INFO   log.persistence 1155 [ebx-boot] Attempt #1 to take exclusive ownership of a repository apparently owned by: id=6, hostName=MacBook-Pro.local, hostAddress=127.0.0.1, mode=unique, state=Owner.
2021-10-11 09:44:48,781 MDT INFO   log.persistence 1155 [ebx-boot] Attempt #2 to take exclusive ownership of a repository apparently owned by: id=6, hostName=MacBook-Pro.local, hostAddress=127.0.0.1, mode=unique, state=Owner.
2021-10-11 09:44:49,785 MDT INFO   log.persistence 1155 [ebx-boot] Attempt #3 to take exclusive ownership of a repository apparently owned by: id=6, hostName=MacBook-Pro.local, hostAddress=127.0.0.1, mode=unique, state=Owner.
2021-10-11 09:44:50,789 MDT INFO   log.persistence 1155 [ebx-boot] Attempt #4 to take exclusive ownership of a repository apparently owned by: id=6, hostName=MacBook-Pro.local, hostAddress=127.0.0.1, mode=unique, state=Owner.
2021-10-11 09:44:51,794 MDT INFO   log.persistence 1155 [ebx-boot] Attempt #5 to take exclusive ownership of a repository apparently owned by: id=6, hostName=MacBook-Pro.local, hostAddress=127.0.0.1, mode=unique, state=Owner.
2021-10-11 09:44:52,797 MDT INFO   log.persistence 1155 [ebx-boot] Attempt #6 to take exclusive ownership of a repository apparently owned by: id=6, hostName=MacBook-Pro.local, hostAddress=127.0.0.1, mode=unique, state=Owner.
2021-10-11 09:44:53,798 MDT INFO   log.persistence 1155 [ebx-boot] Attempt #7 to take exclusive ownership of a repository apparently owned by: id=6, hostName=MacBook-Pro.local, hostAddress=127.0.0.1, mode=unique, state=Owner.
2021-10-11 09:44:54,804 MDT INFO   log.persistence 1155 [ebx-boot] Attempt #8 to take exclusive ownership of a repository apparently owned by: id=6, hostName=MacBook-Pro.local, hostAddress=127.0.0.1, mode=unique, state=Owner.
2021-10-11 09:44:55,810 MDT INFO   log.persistence 1155 [ebx-boot] Attempt #9 to take exclusive ownership of a repository apparently owned by: id=6, hostName=MacBook-Pro.local, hostAddress=127.0.0.1, mode=unique, state=Owner.
2021-10-11 09:44:56,816 MDT INFO   log.persistence 1155 [ebx-rro-7-unique] Starting repository ownership heart beat thread on entry: id=7, hostName=vapawar-t480.apac.tibco.com, hostAddress=10.97.84.35, mode=unique, state=Not owner.
2021-10-11 09:45:05,850 MDT INFO   log.persistence 1155 [ebx-rro-7-unique] Heart beat #10: avgInterval=903: maxInterval=1006 ms.
2021-10-11 09:45:10,987 MDT INFO   log.persistence 1155 [ebx-boot] Committed 1 blocs modified in Java Cache; in 530 ms.
2021-10-11 09:45:11,331 MDT INFO   log.persistence 1155 [ebx-boot] Committed 1 blocs modified in Java Cache; in 107 ms.
2021-10-11 09:45:11,450 MDT INFO   log.persistence 1155 [ebx-boot] Committed 1 blocs modified in Java Cache; in 117 ms.
2021-10-11 09:45:12,487 MDT INFO   log.persistence 1155 [ebx-boot] Committed 1 blocs modified in Java Cache; in 933 ms.
2021-10-11 09:45:12,874 MDT INFO   log.persistence 1155 [ebx-boot] Committed 1 blocs modified in Java Cache; in 105 ms.
2021-10-11 09:45:15,882 MDT INFO   log.persistence 1155 [ebx-rro-7-unique] Heart beat #20: avgInterval=953: maxInterval=1006 ms.
2021-10-11 09:45:16,041 MDT INFO   log.persistence 1155 [ebx-boot] Committed 4 blocs modified in Java Cache; in 292 ms.
2021-10-11 09:45:16,957 MDT INFO   log.persistence 1155 [ebx-boot] Committed 1 blocs modified in Java Cache; in 160 ms.
2021-10-11 09:45:17,438 MDT INFO   log.persistence 1155 [ebx-boot] Committed 5 blocs modified in Java Cache; in 480 ms.
2021-10-11 09:45:17,624 MDT INFO   log.persistence 1155 [ebx-boot] Committed 1 blocs modified in Java Cache; in 182 ms.
2021-10-11 09:45:17,878 MDT INFO   log.persistence 1155 [ebx-boot] Committed 1 blocs modified in Java Cache; in 121 ms.
2021-10-11 09:45:58,123 MDT INFO   log.persistence 1155 [http-nio-9090-exec-10] Committed 2 blocs modified in Java Cache; in 142 ms.
2021-10-11 09:46:21,451 MDT INFO   log.persistence 1155 [http-nio-9090-exec-6] Committed 1 blocs modified in Java Cache; in 86 ms.
2021-10-11 09:46:36,130 MDT INFO   log.persistence 1155 [http-nio-9090-exec-5] Committed 1 blocs modified in Java Cache; in 81 ms.
2021-10-11 09:46:48,666 MDT INFO   log.persistence 1155 [http-nio-9090-exec-4] Committed 1 blocs modified in Java Cache; in 83 ms.
2021-10-11 09:47:05,668 MDT INFO   log.persistence 1155 [http-nio-9090-exec-8] Committed 1 blocs modified in Java Cache; in 66 ms.
2021-10-11 09:47:11,980 MDT INFO   log.persistence 1155 [http-nio-9090-exec-9] Committed 1 blocs modified in Java Cache; in 93 ms.
2021-10-11 09:47:27,572 MDT INFO   log.persistence 1155 [http-nio-9090-exec-6] Committed 1 blocs modified in Java Cache; in 85 ms.
2021-10-11 09:47:44,497 MDT INFO   log.persistence 1155 [http-nio-9090-exec-5] Committed 1 blocs modified in Java Cache; in 84 ms.
2021-10-11 09:47:58,779 MDT INFO   log.persistence 1155 [http-nio-9090-exec-1] Committed 1 blocs modified in Java Cache; in 83 ms.
2021-10-11 09:48:15,297 MDT INFO   log.persistence 1155 [http-nio-9090-exec-2] Committed 1 blocs modified in Java Cache; in 112 ms.
2021-10-11 09:48:16,523 MDT INFO   log.persistence 1155 [ebx-rro-7-unique] Heart beat #200: avgInterval=998: maxInterval=1016 ms.
2021-10-11 09:48:28,680 MDT INFO   log.persistence 1155 [http-nio-9090-exec-4] Committed 1 blocs modified in Java Cache; in 82 ms.
2021-10-11 09:48:42,391 MDT INFO   log.persistence 1155 [http-nio-9090-exec-5] Committed 1 blocs modified in Java Cache; in 80 ms.
2021-10-11 09:48:46,134 MDT INFO   log.persistence 1155 [http-nio-9090-exec-4] Committed 1 blocs modified in Java Cache; in 100 ms.
2021-10-11 09:49:16,845 MDT INFO   log.persistence 1155 [http-nio-9090-exec-1] Committed 2 blocs modified in Java Cache; in 155 ms.
2021-10-11 09:49:45,116 MDT INFO   log.persistence 1155 [http-nio-9090-exec-7] Committed 1 blocs modified in Java Cache; in 84 ms.
2021-10-11 09:50:00,475 MDT INFO   log.persistence 1155 [http-nio-9090-exec-3] Committed 1 blocs modified in Java Cache; in 81 ms.
2021-10-11 09:50:19,579 MDT INFO   log.persistence 1155 [http-nio-9090-exec-9] Committed 1 blocs modified in Java Cache; in 88 ms.
2021-10-11 09:50:23,493 MDT INFO   log.persistence 1155 [http-nio-9090-exec-4] Committed 1 blocs modified in Java Cache; in 136 ms.
2021-10-11 09:50:27,344 MDT INFO   log.persistence 1155 [http-nio-9090-exec-7] Committed 1 blocs modified in Java Cache; in 180 ms.
2021-10-11 09:50:35,447 MDT INFO   log.persistence 1155 [http-nio-9090-exec-7] Committed 2 blocs modified in Java Cache; in 348 ms.
2021-10-11 09:50:45,690 MDT INFO   log.persistence 1155 [http-nio-9090-exec-5] Committed 6 blocs modified in Java Cache; in 701 ms.
2021-10-11 09:50:56,564 MDT INFO   log.persistence 1155 [http-nio-9090-exec-2] Committed 2 blocs modified in Java Cache; in 139 ms.
2021-10-11 09:51:17,971 MDT INFO   log.persistence 1155 [http-nio-9090-exec-4] Committed 1 blocs modified in Java Cache; in 150 ms.
2021-10-11 09:51:36,600 MDT INFO   log.persistence 1155 [http-nio-9090-exec-1] Committed 1 blocs modified in Java Cache; in 143 ms.
2021-10-11 09:51:37,239 MDT INFO   log.persistence 1155 [ebx-rro-7-unique] Heart beat #400: avgInterval=1001: maxInterval=1016 ms.
2021-10-11 09:51:54,988 MDT INFO   log.persistence 1155 [http-nio-9090-exec-10] Committed 1 blocs modified in Java Cache; in 82 ms.
2021-10-11 09:52:16,969 MDT INFO   log.persistence 1155 [http-nio-9090-exec-1] Committed 1 blocs modified in Java Cache; in 198 ms.
2021-10-11 09:52:36,578 MDT INFO   log.persistence 1155 [http-nio-9090-exec-5] Committed 1 blocs modified in Java Cache; in 87 ms.
2021-10-11 09:52:57,169 MDT INFO   log.persistence 1155 [http-nio-9090-exec-9] Committed 1 blocs modified in Java Cache; in 82 ms.
2021-10-11 09:53:12,824 MDT INFO   log.persistence 1155 [http-nio-9090-exec-6] Committed 1 blocs modified in Java Cache; in 83 ms.
2021-10-11 09:53:30,915 MDT INFO   log.persistence 1155 [http-nio-9090-exec-5] Committed 1 blocs modified in Java Cache; in 126 ms.
2021-10-11 09:53:50,235 MDT INFO   log.persistence 1155 [http-nio-9090-exec-5] Committed 1 blocs modified in Java Cache; in 81 ms.
2021-10-11 09:54:06,065 MDT INFO   log.persistence 1155 [http-nio-9090-exec-1] Committed 2 blocs modified in Java Cache; in 148 ms.
2021-10-11 09:54:26,049 MDT INFO   log.persistence 1155 [http-nio-9090-exec-5] Committed 1 blocs modified in Java Cache; in 95 ms.
2021-10-11 09:54:41,187 MDT INFO   log.persistence 1155 [http-nio-9090-exec-2] Committed 1 blocs modified in Java Cache; in 81 ms.
2021-10-11 09:54:56,093 MDT INFO   log.persistence 1155 [http-nio-9090-exec-7] Committed 1 blocs modified in Java Cache; in 80 ms.
2021-10-11 09:54:57,850 MDT INFO   log.persistence 1155 [ebx-rro-7-unique] Heart beat #600: avgInterval=1001: maxInterval=1016 ms.
2021-10-11 09:55:26,390 MDT INFO   log.persistence 1155 [http-nio-9090-exec-2] Committed 2 blocs modified in Java Cache; in 146 ms.
2021-10-11 09:55:45,959 MDT INFO   log.persistence 1155 [http-nio-9090-exec-9] Committed 1 blocs modified in Java Cache; in 81 ms.
2021-10-11 09:56:04,334 MDT INFO   log.persistence 1155 [http-nio-9090-exec-5] Committed 1 blocs modified in Java Cache; in 82 ms.
2021-10-11 09:56:20,299 MDT INFO   log.persistence 1155 [http-nio-9090-exec-4] Committed 1 blocs modified in Java Cache; in 83 ms.
2021-10-11 09:56:32,111 MDT INFO   log.persistence 1155 [http-nio-9090-exec-8] Committed 2 blocs modified in Java Cache; in 142 ms.
2021-10-11 09:56:52,818 MDT INFO   log.persistence 1155 [http-nio-9090-exec-4] Committed 1 blocs modified in Java Cache; in 252 ms.
2021-10-11 09:57:05,773 MDT INFO   log.persistence 1155 [http-nio-9090-exec-8] Committed 1 blocs modified in Java Cache; in 117 ms.
2021-10-11 09:57:23,368 MDT INFO   log.persistence 1155 [http-nio-9090-exec-9] Committed 1 blocs modified in Java Cache; in 83 ms.
2021-10-11 09:57:42,141 MDT INFO   log.persistence 1155 [http-nio-9090-exec-3] Committed 1 blocs modified in Java Cache; in 83 ms.
2021-10-11 09:57:54,380 MDT INFO   log.persistence 1155 [http-nio-9090-exec-8] Committed 1 blocs modified in Java Cache; in 84 ms.
2021-10-11 09:58:18,508 MDT INFO   log.persistence 1155 [ebx-rro-7-unique] Heart beat #800: avgInterval=1002: maxInterval=1016 ms.
2021-10-11 09:58:22,158 MDT INFO   log.persistence 1155 [http-nio-9090-exec-8] Committed 2 blocs modified in Java Cache; in 220 ms.
2021-10-11 09:58:40,223 MDT INFO   log.persistence 1155 [http-nio-9090-exec-9] Committed 1 blocs modified in Java Cache; in 106 ms.
2021-10-11 09:58:43,827 MDT INFO   log.persistence 1155 [http-nio-9090-exec-10] Committed 1 blocs modified in Java Cache; in 115 ms.
2021-10-11 09:58:47,645 MDT INFO   log.persistence 1155 [http-nio-9090-exec-9] Committed 1 blocs modified in Java Cache; in 144 ms.
2021-10-11 09:58:53,958 MDT INFO   log.persistence 1155 [http-nio-9090-exec-9] Committed 2 blocs modified in Java Cache; in 202 ms.
2021-10-11 09:59:02,110 MDT INFO   log.persistence 1155 [http-nio-9090-exec-5] Committed 6 blocs modified in Java Cache; in 685 ms.
2021-10-11 09:59:28,957 MDT INFO   log.persistence 1155 [http-nio-9090-exec-1] Committed 1 blocs modified in Java Cache; in 97 ms.
2021-10-11 09:59:42,035 MDT INFO   log.persistence 1155 [http-nio-9090-exec-8] Committed 1 blocs modified in Java Cache; in 85 ms.
2021-10-11 09:59:57,934 MDT INFO   log.persistence 1155 [http-nio-9090-exec-2] Committed 1 blocs modified in Java Cache; in 179 ms.
2021-10-11 10:00:09,338 MDT INFO   log.persistence 1155 [http-nio-9090-exec-10] Committed 1 blocs modified in Java Cache; in 129 ms.
2021-10-11 10:00:19,333 MDT INFO   log.persistence 1155 [http-nio-9090-exec-4] Committed 1 blocs modified in Java Cache; in 64 ms.
2021-10-11 10:00:34,502 MDT INFO   log.persistence 1155 [http-nio-9090-exec-4] Committed 1 blocs modified in Java Cache; in 82 ms.
2021-10-11 10:00:45,237 MDT INFO   log.persistence 1155 [http-nio-9090-exec-1] Committed 1 blocs modified in Java Cache; in 83 ms.
2021-10-11 10:00:58,328 MDT INFO   log.persistence 1155 [http-nio-9090-exec-3] Committed 1 blocs modified in Java Cache; in 84 ms.
2021-10-11 10:01:10,474 MDT INFO   log.persistence 1155 [http-nio-9090-exec-4] Committed 1 blocs modified in Java Cache; in 128 ms.
2021-10-11 10:01:20,013 MDT INFO   log.persistence 1155 [http-nio-9090-exec-7] Committed 1 blocs modified in Java Cache; in 102 ms.
2021-10-11 10:01:34,048 MDT INFO   log.persistence 1155 [http-nio-9090-exec-6] Committed 1 blocs modified in Java Cache; in 85 ms.
2021-10-11 10:01:39,220 MDT INFO   log.persistence 1155 [ebx-rro-7-unique] Heart beat #1000: avgInterval=1002: maxInterval=1021 ms.
2021-10-11 10:01:46,257 MDT INFO   log.persistence 1155 [http-nio-9090-exec-8] Committed 1 blocs modified in Java Cache; in 85 ms.
2021-10-11 10:01:59,266 MDT INFO   log.persistence 1155 [http-nio-9090-exec-6] Committed 1 blocs modified in Java Cache; in 84 ms.
2021-10-11 10:02:15,385 MDT INFO   log.persistence 1155 [http-nio-9090-exec-9] Committed 1 blocs modified in Java Cache; in 116 ms.
2021-10-11 10:02:34,766 MDT INFO   log.persistence 1155 [http-nio-9090-exec-10] Committed 1 blocs modified in Java Cache; in 90 ms.
2021-10-11 10:02:52,509 MDT INFO   log.persistence 1155 [http-nio-9090-exec-2] Committed 1 blocs modified in Java Cache; in 399 ms.
2021-10-11 10:03:08,292 MDT INFO   log.persistence 1155 [http-nio-9090-exec-7] Committed 1 blocs modified in Java Cache; in 82 ms.
2021-10-11 10:03:31,786 MDT INFO   log.persistence 1155 [http-nio-9090-exec-1] Committed 1 blocs modified in Java Cache; in 95 ms.
2021-10-11 10:03:35,851 MDT INFO   log.persistence 1155 [http-nio-9090-exec-10] Committed 1 blocs modified in Java Cache; in 98 ms.
2021-10-11 10:03:42,273 MDT INFO   log.persistence 1155 [http-nio-9090-exec-10] Committed 2 blocs modified in Java Cache; in 223 ms.
2021-10-11 10:03:47,174 MDT INFO   log.persistence 1155 [http-nio-9090-exec-4] Committed 2 blocs modified in Java Cache; in 95 ms.
2021-10-11 10:13:23,603 MDT INFO   log.persistence 1155 [http-nio-9090-exec-4] Committed 13 blocs modified in Java Cache; in 1359 ms.
2021-10-11 10:14:11,165 MDT INFO   log.persistence 1155 [http-nio-9090-exec-10] Committed 1 blocs modified in Java Cache; in 89 ms.
2021-10-11 10:14:11,260 MDT INFO   log.persistence 1155 [http-nio-9090-exec-10] Committed 1 blocs modified in Java Cache; in 82 ms.
2021-10-11 10:14:21,389 MDT INFO   log.persistence 1155 [http-nio-9090-exec-10] Committed 1 blocs modified in Java Cache; in 120 ms.
2021-10-11 10:14:29,890 MDT INFO   log.persistence 1155 [http-nio-9090-exec-7] Committed 1 blocs modified in Java Cache; in 90 ms.
2021-10-11 10:14:39,688 MDT INFO   log.persistence 1155 [http-nio-9090-exec-10] Committed 1 blocs modified in Java Cache; in 100 ms.
2021-10-11 10:15:12,941 MDT INFO   log.persistence 1155 [http-nio-9090-exec-10] Committed 2 blocs modified in Java Cache; in 144 ms.
2021-10-11 10:15:34,598 MDT INFO   log.persistence 1155 [http-nio-9090-exec-3] Committed 1 blocs modified in Java Cache; in 129 ms.
2021-10-11 10:15:51,433 MDT INFO   log.persistence 1155 [http-nio-9090-exec-8] Committed 1 blocs modified in Java Cache; in 66 ms.
2021-10-11 10:16:02,268 MDT INFO   log.persistence 1155 [http-nio-9090-exec-1] Committed 1 blocs modified in Java Cache; in 82 ms.
2021-10-11 10:16:10,798 MDT INFO   log.persistence 1155 [http-nio-9090-exec-6] Committed 1 blocs modified in Java Cache; in 86 ms.
2021-10-11 10:16:26,404 MDT INFO   log.persistence 1155 [http-nio-9090-exec-1] Committed 2 blocs modified in Java Cache; in 147 ms.
2021-10-11 10:16:44,799 MDT INFO   log.persistence 1155 [http-nio-9090-exec-7] Committed 1 blocs modified in Java Cache; in 146 ms.
2021-10-11 10:17:00,948 MDT INFO   log.persistence 1155 [http-nio-9090-exec-2] Committed 1 blocs modified in Java Cache; in 141 ms.
2021-10-11 10:17:10,008 MDT INFO   log.persistence 1155 [http-nio-9090-exec-1] Committed 1 blocs modified in Java Cache; in 80 ms.
2021-10-11 10:17:22,214 MDT INFO   log.persistence 1155 [http-nio-9090-exec-7] Committed 2 blocs modified in Java Cache; in 157 ms.
2021-10-11 10:17:41,995 MDT INFO   log.persistence 1155 [http-nio-9090-exec-7] Committed 1 blocs modified in Java Cache; in 86 ms.
2021-10-11 10:17:55,011 MDT INFO   log.persistence 1155 [http-nio-9090-exec-1] Committed 1 blocs modified in Java Cache; in 83 ms.
2021-10-11 10:18:03,709 MDT INFO   log.persistence 1155 [http-nio-9090-exec-5] Committed 1 blocs modified in Java Cache; in 88 ms.
2021-10-11 10:18:16,403 MDT INFO   log.persistence 1155 [http-nio-9090-exec-5] Committed 2 blocs modified in Java Cache; in 145 ms.
2021-10-11 10:18:22,554 MDT INFO   log.persistence 1155 [ebx-rro-7-unique] Heart beat #2000: avgInterval=1002: maxInterval=1021 ms.
2021-10-11 10:18:33,493 MDT INFO   log.persistence 1155 [http-nio-9090-exec-9] Committed 1 blocs modified in Java Cache; in 84 ms.
2021-10-11 10:18:45,413 MDT INFO   log.persistence 1155 [http-nio-9090-exec-10] Committed 1 blocs modified in Java Cache; in 142 ms.
2021-10-11 10:19:04,304 MDT INFO   log.persistence 1155 [http-nio-9090-exec-1] Committed 2 blocs modified in Java Cache; in 151 ms.
2021-10-11 10:19:35,487 MDT INFO   log.persistence 1155 [http-nio-9090-exec-6] Committed 1 blocs modified in Java Cache; in 128 ms.
2021-10-11 10:19:51,733 MDT INFO   log.persistence 1155 [http-nio-9090-exec-6] Committed 1 blocs modified in Java Cache; in 82 ms.
2021-10-11 10:20:06,415 MDT INFO   log.persistence 1155 [http-nio-9090-exec-2] Committed 1 blocs modified in Java Cache; in 96 ms.
2021-10-11 10:20:10,360 MDT INFO   log.persistence 1155 [http-nio-9090-exec-6] Committed 1 blocs modified in Java Cache; in 99 ms.
2021-10-11 10:20:13,360 MDT INFO   log.persistence 1155 [http-nio-9090-exec-6] Committed 1 blocs modified in Java Cache; in 97 ms.
2021-10-11 10:20:13,459 MDT INFO   log.persistence 1155 [http-nio-9090-exec-6] Committed 1 blocs modified in Java Cache; in 96 ms.
2021-10-11 10:20:14,230 MDT INFO   log.persistence 1155 [http-nio-9090-exec-6] Committed 3 blocs modified in Java Cache; in 388 ms.
2021-10-11 10:20:17,251 MDT INFO   log.persistence 1155 [http-nio-9090-exec-6] Committed 1 blocs modified in Java Cache; in 103 ms.
2021-10-11 10:20:19,559 MDT INFO   log.persistence 1155 [http-nio-9090-exec-6] Committed 25 blocs modified in Java Cache; in 2307 ms.
2021-10-11 10:20:20,613 MDT INFO   log.persistence 1155 [http-nio-9090-exec-6] Committed 5 blocs modified in Java Cache; in 469 ms.
2021-10-11 10:20:20,709 MDT INFO   log.persistence 1155 [http-nio-9090-exec-6] Committed 1 blocs modified in Java Cache; in 94 ms.
2021-10-11 10:20:20,902 MDT INFO   log.persistence 1155 [http-nio-9090-exec-6] Committed 1 blocs modified in Java Cache; in 89 ms.
2021-10-11 10:20:20,997 MDT INFO   log.persistence 1155 [http-nio-9090-exec-6] Committed 1 blocs modified in Java Cache; in 93 ms.
2021-10-11 10:20:46,186 MDT INFO   log.persistence 1155 [http-nio-9090-exec-7] Committed 1 blocs modified in Java Cache; in 124 ms.
2021-10-11 10:21:02,450 MDT INFO   log.persistence 1155 [http-nio-9090-exec-8] Committed 1 blocs modified in Java Cache; in 69 ms.
2021-10-11 10:21:02,548 MDT INFO   log.persistence 1155 [http-nio-9090-exec-8] Committed 1 blocs modified in Java Cache; in 92 ms.
2021-10-11 10:21:09,473 MDT INFO   log.persistence 1155 [http-nio-9090-exec-8] Committed 1 blocs modified in Java Cache; in 209 ms.
2021-10-11 10:21:12,528 MDT INFO   log.persistence 1155 [http-nio-9090-exec-3] Committed 1 blocs modified in Java Cache; in 128 ms.
2021-10-11 10:21:13,909 MDT INFO   log.persistence 1155 [http-nio-9090-exec-3] Committed 3 blocs modified in Java Cache; in 302 ms.
2021-10-11 10:21:15,137 MDT INFO   log.persistence 1155 [http-nio-9090-exec-3] Committed 3 blocs modified in Java Cache; in 278 ms.
2021-10-11 10:21:37,394 MDT INFO   log.persistence 1155 [http-nio-9090-exec-1] Committed 7 blocs modified in Java Cache; in 664 ms.
2021-10-11 10:21:37,751 MDT INFO   log.persistence 1155 [http-nio-9090-exec-1] Committed 2 blocs modified in Java Cache; in 161 ms.
2021-10-11 10:23:11,702 MDT INFO   log.persistence 1155 [http-nio-9090-exec-1] Committed 2 blocs modified in Java Cache; in 146 ms.
2021-10-11 10:23:39,777 MDT INFO   log.persistence 1155 [http-nio-9090-exec-10] Committed 1 blocs modified in Java Cache; in 103 ms.
2021-10-11 10:23:49,210 MDT INFO   log.persistence 1155 [http-nio-9090-exec-1] Committed 1 blocs modified in Java Cache; in 86 ms.
2021-10-11 10:24:03,301 MDT INFO   log.persistence 1155 [http-nio-9090-exec-1] Committed 2 blocs modified in Java Cache; in 252 ms.
2021-10-11 10:24:21,552 MDT INFO   log.persistence 1155 [http-nio-9090-exec-5] Committed 1 blocs modified in Java Cache; in 125 ms.
2021-10-11 10:24:33,369 MDT INFO   log.persistence 1155 [http-nio-9090-exec-7] Committed 1 blocs modified in Java Cache; in 100 ms.
2021-10-11 10:24:46,495 MDT INFO   log.persistence 1155 [http-nio-9090-exec-8] Committed 2 blocs modified in Java Cache; in 223 ms.
2021-10-11 10:25:02,909 MDT INFO   log.persistence 1155 [http-nio-9090-exec-4] Committed 1 blocs modified in Java Cache; in 88 ms.
2021-10-11 10:25:12,696 MDT INFO   log.persistence 1155 [http-nio-9090-exec-2] Committed 1 blocs modified in Java Cache; in 85 ms.
2021-10-11 10:25:24,748 MDT INFO   log.persistence 1155 [http-nio-9090-exec-7] Committed 2 blocs modified in Java Cache; in 143 ms.
2021-10-11 10:25:45,936 MDT INFO   log.persistence 1155 [http-nio-9090-exec-4] Committed 1 blocs modified in Java Cache; in 109 ms.
2021-10-11 10:25:57,822 MDT INFO   log.persistence 1155 [http-nio-9090-exec-7] Committed 1 blocs modified in Java Cache; in 90 ms.
2021-10-11 10:26:13,444 MDT INFO   log.persistence 1155 [http-nio-9090-exec-4] Committed 2 blocs modified in Java Cache; in 146 ms.
2021-10-11 10:26:32,026 MDT INFO   log.persistence 1155 [http-nio-9090-exec-9] Committed 1 blocs modified in Java Cache; in 84 ms.
2021-10-11 10:26:44,285 MDT INFO   log.persistence 1155 [http-nio-9090-exec-4] Committed 1 blocs modified in Java Cache; in 171 ms.
2021-10-11 10:26:56,262 MDT INFO   log.persistence 1155 [http-nio-9090-exec-1] Committed 2 blocs modified in Java Cache; in 167 ms.
2021-10-11 10:27:13,629 MDT INFO   log.persistence 1155 [http-nio-9090-exec-10] Committed 1 blocs modified in Java Cache; in 83 ms.
2021-10-11 10:27:28,547 MDT INFO   log.persistence 1155 [http-nio-9090-exec-1] Committed 1 blocs modified in Java Cache; in 84 ms.
2021-10-11 10:27:32,428 MDT INFO   log.persistence 1155 [http-nio-9090-exec-7] Committed 1 blocs modified in Java Cache; in 96 ms.
2021-10-11 10:27:35,746 MDT INFO   log.persistence 1155 [http-nio-9090-exec-8] Committed 1 blocs modified in Java Cache; in 92 ms.
2021-10-11 10:27:37,564 MDT INFO   log.persistence 1155 [http-nio-9090-exec-8] Committed 2 blocs modified in Java Cache; in 338 ms.
2021-10-11 10:27:42,523 MDT INFO   log.persistence 1155 [http-nio-9090-exec-2] Committed 6 blocs modified in Java Cache; in 882 ms.
2021-10-11 10:30:21,191 MDT INFO   log.persistence 1155 [http-nio-9090-exec-7] Committed 1 blocs modified in Java Cache; in 92 ms.
2021-10-11 10:30:46,760 MDT INFO   log.persistence 1155 [http-nio-9090-exec-2] Committed 1 blocs modified in Java Cache; in 93 ms.
2021-10-11 10:30:56,286 MDT INFO   log.persistence 1155 [http-nio-9090-exec-2] Committed 1 blocs modified in Java Cache; in 98 ms.
2021-10-11 10:31:10,501 MDT INFO   log.persistence 1155 [http-nio-9090-exec-6] Committed 1 blocs modified in Java Cache; in 98 ms.
2021-10-11 10:31:38,897 MDT INFO   log.persistence 1155 [http-nio-9090-exec-6] Committed 1 blocs modified in Java Cache; in 99 ms.
2021-10-11 10:31:48,066 MDT INFO   log.persistence 1155 [http-nio-9090-exec-8] Committed 1 blocs modified in Java Cache; in 171 ms.
2021-10-11 10:35:05,904 MDT INFO   log.persistence 1155 [ebx-rro-7-unique] Heart beat #3000: avgInterval=1003: maxInterval=1021 ms.
2021-10-11 10:45:22,330 MDT INFO   log.persistence 1155 [http-nio-9090-exec-6] Committed 2 blocs modified in Java Cache; in 372 ms.
2021-10-11 10:45:41,603 MDT INFO   log.persistence 1155 [http-nio-9090-exec-7] Committed 1 blocs modified in Java Cache; in 81 ms.
2021-10-11 10:45:53,196 MDT INFO   log.persistence 1155 [http-nio-9090-exec-1] Committed 1 blocs modified in Java Cache; in 82 ms.
2021-10-11 10:46:05,660 MDT INFO   log.persistence 1155 [http-nio-9090-exec-5] Committed 2 blocs modified in Java Cache; in 157 ms.
2021-10-11 10:46:22,808 MDT INFO   log.persistence 1155 [http-nio-9090-exec-5] Committed 1 blocs modified in Java Cache; in 82 ms.
2021-10-11 10:46:37,547 MDT INFO   log.persistence 1155 [http-nio-9090-exec-1] Committed 1 blocs modified in Java Cache; in 94 ms.
2021-10-11 10:46:46,395 MDT INFO   log.persistence 1155 [http-nio-9090-exec-3] Committed 1 blocs modified in Java Cache; in 83 ms.
2021-10-11 10:47:00,860 MDT INFO   log.persistence 1155 [http-nio-9090-exec-2] Committed 2 blocs modified in Java Cache; in 158 ms.
2021-10-11 10:47:20,342 MDT INFO   log.persistence 1155 [http-nio-9090-exec-7] Committed 1 blocs modified in Java Cache; in 83 ms.
2021-10-11 10:47:30,797 MDT INFO   log.persistence 1155 [http-nio-9090-exec-2] Committed 1 blocs modified in Java Cache; in 88 ms.
2021-10-11 10:47:44,493 MDT INFO   log.persistence 1155 [http-nio-9090-exec-2] Committed 2 blocs modified in Java Cache; in 151 ms.
2021-10-11 10:48:03,412 MDT INFO   log.persistence 1155 [http-nio-9090-exec-6] Committed 1 blocs modified in Java Cache; in 92 ms.
2021-10-11 10:48:25,927 MDT INFO   log.persistence 1155 [http-nio-9090-exec-4] Committed 1 blocs modified in Java Cache; in 84 ms.
2021-10-11 10:48:56,906 MDT INFO   log.persistence 1155 [http-nio-9090-exec-5] Committed 1 blocs modified in Java Cache; in 134 ms.
2021-10-11 10:49:04,562 MDT INFO   log.persistence 1155 [http-nio-9090-exec-9] Committed 1 blocs modified in Java Cache; in 104 ms.
2021-10-11 10:49:06,886 MDT INFO   log.persistence 1155 [http-nio-9090-exec-9] Committed 2 blocs modified in Java Cache; in 506 ms.
2021-10-11 10:49:11,198 MDT INFO   log.persistence 1155 [http-nio-9090-exec-6] Committed 6 blocs modified in Java Cache; in 820 ms.
2021-10-11 10:49:31,857 MDT INFO   log.persistence 1155 [http-nio-9090-exec-9] Committed 2 blocs modified in Java Cache; in 141 ms.
2021-10-11 10:49:46,231 MDT INFO   log.persistence 1155 [http-nio-9090-exec-4] Committed 1 blocs modified in Java Cache; in 91 ms.
2021-10-11 10:49:59,295 MDT INFO   log.persistence 1155 [http-nio-9090-exec-6] Committed 1 blocs modified in Java Cache; in 188 ms.
2021-10-11 10:50:19,159 MDT INFO   log.persistence 1155 [http-nio-9090-exec-10] Committed 2 blocs modified in Java Cache; in 151 ms.
2021-10-11 10:50:40,531 MDT INFO   log.persistence 1155 [http-nio-9090-exec-9] Committed 1 blocs modified in Java Cache; in 87 ms.
2021-10-11 10:50:54,669 MDT INFO   log.persistence 1155 [http-nio-9090-exec-2] Committed 1 blocs modified in Java Cache; in 89 ms.
2021-10-11 10:51:07,662 MDT INFO   log.persistence 1155 [http-nio-9090-exec-9] Committed 2 blocs modified in Java Cache; in 146 ms.
2021-10-11 10:51:25,354 MDT INFO   log.persistence 1155 [http-nio-9090-exec-9] Committed 1 blocs modified in Java Cache; in 83 ms.
2021-10-11 10:51:43,196 MDT INFO   log.persistence 1155 [http-nio-9090-exec-9] Committed 1 blocs modified in Java Cache; in 85 ms.
2021-10-11 10:51:49,405 MDT INFO   log.persistence 1155 [ebx-rro-7-unique] Heart beat #4000: avgInterval=1003: maxInterval=1021 ms.
2021-10-11 10:51:55,177 MDT INFO   log.persistence 1155 [http-nio-9090-exec-7] Committed 1 blocs modified in Java Cache; in 160 ms.
2021-10-11 10:52:37,315 MDT INFO   log.persistence 1155 [http-nio-9090-exec-9] Committed 2 blocs modified in Java Cache; in 152 ms.
2021-10-11 10:52:53,886 MDT INFO   log.persistence 1155 [http-nio-9090-exec-9] Committed 1 blocs modified in Java Cache; in 88 ms.
2021-10-11 10:53:06,909 MDT INFO   log.persistence 1155 [http-nio-9090-exec-8] Committed 1 blocs modified in Java Cache; in 84 ms.
2021-10-11 10:53:18,469 MDT INFO   log.persistence 1155 [http-nio-9090-exec-2] Committed 1 blocs modified in Java Cache; in 84 ms.
2021-10-11 10:53:34,661 MDT INFO   log.persistence 1155 [http-nio-9090-exec-9] Committed 2 blocs modified in Java Cache; in 157 ms.
2021-10-11 10:53:52,506 MDT INFO   log.persistence 1155 [http-nio-9090-exec-9] Committed 1 blocs modified in Java Cache; in 129 ms.
2021-10-11 10:54:53,220 MDT INFO   log.persistence 1155 [http-nio-9090-exec-6] Committed 1 blocs modified in Java Cache; in 86 ms.
2021-10-11 10:55:04,011 MDT INFO   log.persistence 1155 [http-nio-9090-exec-10] Committed 1 blocs modified in Java Cache; in 88 ms.
2021-10-11 10:55:18,080 MDT INFO   log.persistence 1155 [http-nio-9090-exec-8] Committed 2 blocs modified in Java Cache; in 158 ms.
2021-10-11 10:55:37,468 MDT INFO   log.persistence 1155 [http-nio-9090-exec-6] Committed 1 blocs modified in Java Cache; in 86 ms.
2021-10-11 10:55:50,215 MDT INFO   log.persistence 1155 [http-nio-9090-exec-4] Committed 1 blocs modified in Java Cache; in 83 ms.
2021-10-11 10:56:00,264 MDT INFO   log.persistence 1155 [http-nio-9090-exec-10] Committed 1 blocs modified in Java Cache; in 83 ms.
2021-10-11 10:56:11,611 MDT INFO   log.persistence 1155 [http-nio-9090-exec-8] Committed 2 blocs modified in Java Cache; in 153 ms.
2021-10-11 10:56:28,147 MDT INFO   log.persistence 1155 [http-nio-9090-exec-8] Committed 1 blocs modified in Java Cache; in 83 ms.
2021-10-11 10:56:45,952 MDT INFO   log.persistence 1155 [http-nio-9090-exec-2] Committed 1 blocs modified in Java Cache; in 91 ms.
2021-10-11 10:56:58,681 MDT INFO   log.persistence 1155 [http-nio-9090-exec-10] Committed 1 blocs modified in Java Cache; in 83 ms.
2021-10-11 10:57:08,091 MDT INFO   log.persistence 1155 [http-nio-9090-exec-3] Committed 1 blocs modified in Java Cache; in 87 ms.
2021-10-11 10:57:25,737 MDT INFO   log.persistence 1155 [http-nio-9090-exec-4] Committed 2 blocs modified in Java Cache; in 192 ms.
2021-10-11 10:57:45,946 MDT INFO   log.persistence 1155 [http-nio-9090-exec-2] Committed 1 blocs modified in Java Cache; in 84 ms.
2021-10-11 10:58:01,260 MDT INFO   log.persistence 1155 [http-nio-9090-exec-2] Committed 1 blocs modified in Java Cache; in 86 ms.
2021-10-11 10:58:10,741 MDT INFO   log.persistence 1155 [http-nio-9090-exec-3] Committed 1 blocs modified in Java Cache; in 87 ms.
2021-10-11 10:58:27,040 MDT INFO   log.persistence 1155 [http-nio-9090-exec-9] Committed 2 blocs modified in Java Cache; in 164 ms.
2021-10-11 10:58:54,248 MDT INFO   log.persistence 1155 [http-nio-9090-exec-7] Committed 1 blocs modified in Java Cache; in 107 ms.
2021-10-11 10:59:13,545 MDT INFO   log.persistence 1155 [http-nio-9090-exec-7] Committed 1 blocs modified in Java Cache; in 108 ms.
2021-10-11 10:59:27,398 MDT INFO   log.persistence 1155 [http-nio-9090-exec-7] Committed 2 blocs modified in Java Cache; in 145 ms.
2021-10-11 10:59:46,396 MDT INFO   log.persistence 1155 [http-nio-9090-exec-5] Committed 1 blocs modified in Java Cache; in 107 ms.
2021-10-11 11:00:02,257 MDT INFO   log.persistence 1155 [http-nio-9090-exec-5] Committed 1 blocs modified in Java Cache; in 93 ms.
2021-10-11 11:00:05,939 MDT INFO   log.persistence 1155 [http-nio-9090-exec-6] Committed 1 blocs modified in Java Cache; in 92 ms.
2021-10-11 11:00:08,428 MDT INFO   log.persistence 1155 [http-nio-9090-exec-6] Committed 2 blocs modified in Java Cache; in 206 ms.
2021-10-11 11:00:13,366 MDT INFO   log.persistence 1155 [http-nio-9090-exec-1] Committed 6 blocs modified in Java Cache; in 607 ms.
2021-10-11 11:02:10,354 MDT INFO   log.persistence 1155 [http-nio-9090-exec-7] Committed 2 blocs modified in Java Cache; in 186 ms.
2021-10-11 11:02:30,600 MDT INFO   log.persistence 1155 [http-nio-9090-exec-2] Committed 1 blocs modified in Java Cache; in 116 ms.
2021-10-11 11:02:43,894 MDT INFO   log.persistence 1155 [http-nio-9090-exec-8] Committed 1 blocs modified in Java Cache; in 89 ms.
2021-10-11 11:03:03,517 MDT INFO   log.persistence 1155 [http-nio-9090-exec-5] Committed 2 blocs modified in Java Cache; in 147 ms.
2021-10-11 11:03:19,990 MDT INFO   log.persistence 1155 [http-nio-9090-exec-5] Committed 1 blocs modified in Java Cache; in 81 ms.
2021-10-11 11:03:33,813 MDT INFO   log.persistence 1155 [http-nio-9090-exec-1] Committed 1 blocs modified in Java Cache; in 84 ms.
2021-10-11 11:03:45,153 MDT INFO   log.persistence 1155 [http-nio-9090-exec-4] Committed 2 blocs modified in Java Cache; in 142 ms.
2021-10-11 11:04:03,749 MDT INFO   log.persistence 1155 [http-nio-9090-exec-4] Committed 1 blocs modified in Java Cache; in 92 ms.
2021-10-11 11:04:15,004 MDT INFO   log.persistence 1155 [http-nio-9090-exec-1] Committed 1 blocs modified in Java Cache; in 80 ms.
2021-10-11 11:04:28,106 MDT INFO   log.persistence 1155 [http-nio-9090-exec-2] Committed 2 blocs modified in Java Cache; in 143 ms.
2021-10-11 11:04:44,136 MDT INFO   log.persistence 1155 [http-nio-9090-exec-1] Committed 1 blocs modified in Java Cache; in 85 ms.
2021-10-11 11:04:57,679 MDT INFO   log.persistence 1155 [http-nio-9090-exec-9] Committed 1 blocs modified in Java Cache; in 161 ms.
2021-10-11 11:05:10,282 MDT INFO   log.persistence 1155 [http-nio-9090-exec-7] Committed 2 blocs modified in Java Cache; in 177 ms.
2021-10-11 11:05:49,959 MDT INFO   log.persistence 1155 [http-nio-9090-exec-5] Committed 1 blocs modified in Java Cache; in 134 ms.
2021-10-11 11:06:02,275 MDT INFO   log.persistence 1155 [http-nio-9090-exec-8] Committed 1 blocs modified in Java Cache; in 83 ms.
2021-10-11 11:06:11,862 MDT INFO   log.persistence 1155 [http-nio-9090-exec-2] Committed 1 blocs modified in Java Cache; in 105 ms.
2021-10-11 11:06:22,194 MDT INFO   log.persistence 1155 [http-nio-9090-exec-8] Committed 1 blocs modified in Java Cache; in 103 ms.
2021-10-11 11:06:26,346 MDT INFO   log.persistence 1155 [http-nio-9090-exec-3] Committed 1 blocs modified in Java Cache; in 662 ms.
2021-10-11 11:06:30,579 MDT INFO   log.persistence 1155 [http-nio-9090-exec-3] Committed 2 blocs modified in Java Cache; in 844 ms.
2021-10-11 11:06:39,052 MDT INFO   log.persistence 1155 [http-nio-9090-exec-4] Committed 7 blocs modified in Java Cache; in 727 ms.
2021-10-11 11:06:59,733 MDT INFO   log.persistence 1155 [http-nio-9090-exec-7] Committed 2 blocs modified in Java Cache; in 140 ms.
2021-10-11 11:07:15,576 MDT INFO   log.persistence 1155 [http-nio-9090-exec-1] Committed 1 blocs modified in Java Cache; in 85 ms.
2021-10-11 11:07:28,686 MDT INFO   log.persistence 1155 [http-nio-9090-exec-9] Committed 1 blocs modified in Java Cache; in 80 ms.
2021-10-11 11:07:40,935 MDT INFO   log.persistence 1155 [http-nio-9090-exec-4] Committed 2 blocs modified in Java Cache; in 153 ms.
2021-10-11 11:07:57,761 MDT INFO   log.persistence 1155 [http-nio-9090-exec-3] Committed 1 blocs modified in Java Cache; in 163 ms.
2021-10-11 11:08:08,613 MDT INFO   log.persistence 1155 [http-nio-9090-exec-1] Committed 1 blocs modified in Java Cache; in 80 ms.
2021-10-11 11:08:21,895 MDT INFO   log.persistence 1155 [http-nio-9090-exec-8] Committed 2 blocs modified in Java Cache; in 144 ms.
2021-10-11 11:08:32,614 MDT INFO   log.persistence 1155 [ebx-rro-7-unique] Heart beat #5000: avgInterval=1003: maxInterval=1021 ms.
2021-10-11 11:08:41,021 MDT INFO   log.persistence 1155 [http-nio-9090-exec-10] Committed 1 blocs modified in Java Cache; in 87 ms.
2021-10-11 11:08:52,058 MDT INFO   log.persistence 1155 [http-nio-9090-exec-5] Committed 1 blocs modified in Java Cache; in 121 ms.
2021-10-11 11:09:34,864 MDT INFO   log.persistence 1155 [http-nio-9090-exec-5] Committed 2 blocs modified in Java Cache; in 147 ms.
2021-10-11 11:09:59,647 MDT INFO   log.persistence 1155 [http-nio-9090-exec-5] Committed 1 blocs modified in Java Cache; in 86 ms.
2021-10-11 11:10:12,551 MDT INFO   log.persistence 1155 [http-nio-9090-exec-8] Committed 1 blocs modified in Java Cache; in 86 ms.
2021-10-11 11:10:26,355 MDT INFO   log.persistence 1155 [http-nio-9090-exec-3] Committed 2 blocs modified in Java Cache; in 179 ms.
2021-10-11 11:10:40,863 MDT INFO   log.persistence 1155 [http-nio-9090-exec-6] Committed 1 blocs modified in Java Cache; in 129 ms.
2021-10-11 11:10:55,948 MDT INFO   log.persistence 1155 [http-nio-9090-exec-1] Committed 1 blocs modified in Java Cache; in 83 ms.
2021-10-11 11:11:05,476 MDT INFO   log.persistence 1155 [http-nio-9090-exec-7] Committed 1 blocs modified in Java Cache; in 83 ms.
2021-10-11 11:11:15,419 MDT INFO   log.persistence 1155 [http-nio-9090-exec-3] Committed 1 blocs modified in Java Cache; in 84 ms.
2021-10-11 11:11:26,477 MDT INFO   log.persistence 1155 [http-nio-9090-exec-4] Committed 1 blocs modified in Java Cache; in 147 ms.
2021-10-11 11:11:35,735 MDT INFO   log.persistence 1155 [http-nio-9090-exec-5] Committed 1 blocs modified in Java Cache; in 93 ms.
2021-10-11 11:11:39,496 MDT INFO   log.persistence 1155 [http-nio-9090-exec-1] Committed 1 blocs modified in Java Cache; in 120 ms.
2021-10-11 11:11:43,282 MDT INFO   log.persistence 1155 [http-nio-9090-exec-1] Committed 2 blocs modified in Java Cache; in 263 ms.
2021-10-11 11:11:49,871 MDT INFO   log.persistence 1155 [http-nio-9090-exec-5] Committed 6 blocs modified in Java Cache; in 2229 ms.
2021-10-11 11:12:09,844 MDT INFO   log.persistence 1155 [http-nio-9090-exec-2] Committed 2 blocs modified in Java Cache; in 141 ms.
2021-10-11 11:12:25,446 MDT INFO   log.persistence 1155 [http-nio-9090-exec-2] Committed 1 blocs modified in Java Cache; in 83 ms.
2021-10-11 11:12:38,855 MDT INFO   log.persistence 1155 [http-nio-9090-exec-10] Committed 1 blocs modified in Java Cache; in 116 ms.
2021-10-11 11:12:48,031 MDT INFO   log.persistence 1155 [http-nio-9090-exec-8] Committed 1 blocs modified in Java Cache; in 83 ms.
2021-10-11 11:13:01,067 MDT INFO   log.persistence 1155 [http-nio-9090-exec-6] Committed 1 blocs modified in Java Cache; in 90 ms.
2021-10-11 11:13:15,551 MDT INFO   log.persistence 1155 [http-nio-9090-exec-10] Committed 2 blocs modified in Java Cache; in 143 ms.
2021-10-11 11:13:30,283 MDT INFO   log.persistence 1155 [http-nio-9090-exec-5] Committed 1 blocs modified in Java Cache; in 83 ms.
2021-10-11 11:13:43,459 MDT INFO   log.persistence 1155 [http-nio-9090-exec-9] Committed 1 blocs modified in Java Cache; in 100 ms.
2021-10-11 11:13:54,119 MDT INFO   log.persistence 1155 [http-nio-9090-exec-5] Committed 1 blocs modified in Java Cache; in 82 ms.
2021-10-11 11:14:05,960 MDT INFO   log.persistence 1155 [http-nio-9090-exec-3] Committed 1 blocs modified in Java Cache; in 84 ms.
2021-10-11 11:14:22,158 MDT INFO   log.persistence 1155 [http-nio-9090-exec-7] Committed 2 blocs modified in Java Cache; in 212 ms.
2021-10-11 11:14:53,267 MDT INFO   log.persistence 1155 [http-nio-9090-exec-9] Committed 1 blocs modified in Java Cache; in 337 ms.
2021-10-11 11:15:04,054 MDT INFO   log.persistence 1155 [http-nio-9090-exec-2] Committed 1 blocs modified in Java Cache; in 83 ms.
2021-10-11 11:15:22,972 MDT INFO   log.persistence 1155 [http-nio-9090-exec-1] Committed 1 blocs modified in Java Cache; in 82 ms.
2021-10-11 11:15:35,042 MDT INFO   log.persistence 1155 [http-nio-9090-exec-7] Committed 1 blocs modified in Java Cache; in 96 ms.
2021-10-11 11:15:38,801 MDT INFO   log.persistence 1155 [http-nio-9090-exec-7] Committed 2 blocs modified in Java Cache; in 233 ms.
2021-10-11 11:15:47,954 MDT INFO   log.persistence 1155 [http-nio-9090-exec-3] Committed 6 blocs modified in Java Cache; in 752 ms.
2021-10-11 11:23:51,870 MDT INFO   log.persistence 1155 [http-nio-9090-exec-1] Committed 1 blocs modified in Java Cache; in 103 ms.
2021-10-11 11:23:58,815 MDT INFO   log.persistence 1155 [http-nio-9090-exec-1] Committed 2 blocs modified in Java Cache; in 216 ms.
2021-10-11 11:24:17,713 MDT INFO   log.persistence 1155 [http-nio-9090-exec-10] Committed 1 blocs modified in Java Cache; in 219 ms.
2021-10-11 11:24:30,610 MDT INFO   log.persistence 1155 [http-nio-9090-exec-5] Committed 1 blocs modified in Java Cache; in 99 ms.
2021-10-11 11:24:36,765 MDT INFO   log.persistence 1155 [http-nio-9090-exec-5] Committed 2 blocs modified in Java Cache; in 304 ms.
2021-10-11 11:25:06,601 MDT INFO   log.persistence 1155 [http-nio-9090-exec-9] Committed 1 blocs modified in Java Cache; in 89 ms.
2021-10-11 11:25:13,740 MDT INFO   log.persistence 1155 [http-nio-9090-exec-6] Committed 1 blocs modified in Java Cache; in 99 ms.
2021-10-11 11:25:16,114 MDT INFO   log.persistence 1155 [ebx-rro-7-unique] Heart beat #6000: avgInterval=1003: maxInterval=1021 ms.
2021-10-11 11:25:16,464 MDT INFO   log.persistence 1155 [http-nio-9090-exec-6] Committed 1 blocs modified in Java Cache; in 208 ms.
2021-10-11 11:25:21,891 MDT INFO   log.persistence 1155 [http-nio-9090-exec-6] Committed 2 blocs modified in Java Cache; in 207 ms.
2021-10-11 11:31:29,000 MDT INFO   log.persistence 1155 [http-nio-9090-exec-4] Committed 2 blocs modified in Java Cache; in 170 ms.
2021-10-11 11:32:03,437 MDT INFO   log.persistence 1155 [http-nio-9090-exec-10] Committed 1 blocs modified in Java Cache; in 109 ms.
2021-10-11 11:32:27,051 MDT INFO   log.persistence 1155 [http-nio-9090-exec-4] Committed 1 blocs modified in Java Cache; in 87 ms.
2021-10-11 11:32:41,332 MDT INFO   log.persistence 1155 [http-nio-9090-exec-6] Committed 1 blocs modified in Java Cache; in 86 ms.
2021-10-11 11:32:51,174 MDT INFO   log.persistence 1155 [http-nio-9090-exec-9] Committed 1 blocs modified in Java Cache; in 85 ms.
2021-10-11 11:41:59,621 MDT INFO   log.persistence 1155 [ebx-rro-7-unique] Heart beat #7000: avgInterval=1003: maxInterval=1021 ms.
2021-10-11 11:58:43,185 MDT INFO   log.persistence 1155 [ebx-rro-7-unique] Heart beat #8000: avgInterval=1003: maxInterval=1021 ms.
